	.text
	.syntax unified
	.eabi_attribute	67, "2.09"	@ Tag_conformance
	.cpu	cortex-m23
	.eabi_attribute	6, 16	@ Tag_CPU_arch
	.eabi_attribute	7, 77	@ Tag_CPU_arch_profile
	.eabi_attribute	8, 0	@ Tag_ARM_ISA_use
	.eabi_attribute	9, 3	@ Tag_THUMB_ISA_use
	.eabi_attribute	34, 0	@ Tag_CPU_unaligned_access
	.eabi_attribute	17, 1	@ Tag_ABI_PCS_GOT_use
	.eabi_attribute	20, 2	@ Tag_ABI_FP_denormal
	.eabi_attribute	21, 0	@ Tag_ABI_FP_exceptions
	.eabi_attribute	23, 1	@ Tag_ABI_FP_number_model
	.eabi_attribute	24, 1	@ Tag_ABI_align_needed
	.eabi_attribute	25, 1	@ Tag_ABI_align_preserved
	.eabi_attribute	38, 1	@ Tag_ABI_FP_16bit_format
	.eabi_attribute	18, 2	@ Tag_ABI_PCS_wchar_t
	.eabi_attribute	26, 1	@ Tag_ABI_enum_size
	.eabi_attribute	14, 0	@ Tag_ABI_PCS_R9_use
	.file	"gd32e23x_gpio.c"
	.file	1 "D:\\GD32\\GD32E230\\Oscilloscope\\Project" "../Firmware/GD32E23x_standard_peripheral/Include\\gd32e23x_rcu.h"
	.file	2 "D:\\GD32\\GD32E230\\Oscilloscope\\Project" "../Firmware/CMSIS/GD/GD32E23x/Include\\gd32e23x.h"
	.file	3 "D:\\Keil_arm\\ARM\\ARMCLANG\\Bin\\..\\include" "stdint.h"
	.section	.text.gpio_deinit,"ax",%progbits
	.hidden	gpio_deinit                     @ -- Begin function gpio_deinit
	.globl	gpio_deinit
	.p2align	2
	.type	gpio_deinit,%function
	.code	16                              @ @gpio_deinit
	.thumb_func
gpio_deinit:
.Lfunc_begin0:
	.file	4 "D:\\GD32\\GD32E230\\Oscilloscope\\Project" "../Firmware/GD32E23x_standard_peripheral/Source/gd32e23x_gpio.c"
	.loc	4 48 0                          @ ../Firmware/GD32E23x_standard_peripheral/Source/gd32e23x_gpio.c:48:0
	.fnstart
	.cfi_sections .debug_frame
	.cfi_startproc
@ %bb.0:
	.save	{r7, lr}
	push	{r7, lr}
	.cfi_def_cfa_offset 8
	.cfi_offset lr, -4
	.cfi_offset r7, -8
	.pad	#24
	sub	sp, #24
	.cfi_def_cfa_offset 32
	str	r0, [sp, #20]
.Ltmp0:
	.loc	4 49 12 prologue_end            @ ../Firmware/GD32E23x_standard_peripheral/Source/gd32e23x_gpio.c:49:12
	ldr	r0, [sp, #20]
	str	r0, [sp, #16]                   @ 4-byte Spill
	movs	r1, #9
	lsls	r1, r1, #27
	.loc	4 49 5 is_stmt 0                @ ../Firmware/GD32E23x_standard_peripheral/Source/gd32e23x_gpio.c:49:5
	cmp	r0, r1
	beq	.LBB0_4
	b	.LBB0_1
.LBB0_1:
	.loc	4 0 5                           @ ../Firmware/GD32E23x_standard_peripheral/Source/gd32e23x_gpio.c:0:5
	ldr	r0, [sp, #16]                   @ 4-byte Reload
	ldr	r1, __arm_cp.0_0
	.loc	4 49 5                          @ ../Firmware/GD32E23x_standard_peripheral/Source/gd32e23x_gpio.c:49:5
	cmp	r0, r1
	beq	.LBB0_5
	b	.LBB0_2
.LBB0_2:
	.loc	4 0 5                           @ ../Firmware/GD32E23x_standard_peripheral/Source/gd32e23x_gpio.c:0:5
	ldr	r0, [sp, #16]                   @ 4-byte Reload
	ldr	r1, __arm_cp.0_1
	.loc	4 49 5                          @ ../Firmware/GD32E23x_standard_peripheral/Source/gd32e23x_gpio.c:49:5
	cmp	r0, r1
	beq	.LBB0_6
	b	.LBB0_3
.LBB0_3:
	.loc	4 0 5                           @ ../Firmware/GD32E23x_standard_peripheral/Source/gd32e23x_gpio.c:0:5
	ldr	r0, [sp, #16]                   @ 4-byte Reload
	ldr	r1, __arm_cp.0_2
	.loc	4 49 5                          @ ../Firmware/GD32E23x_standard_peripheral/Source/gd32e23x_gpio.c:49:5
	cmp	r0, r1
	beq	.LBB0_7
	b	.LBB0_8
.LBB0_4:
	.loc	4 0 5                           @ ../Firmware/GD32E23x_standard_peripheral/Source/gd32e23x_gpio.c:0:5
	ldr	r0, __arm_cp.0_6
.Ltmp1:
	.loc	4 52 9 is_stmt 1                @ ../Firmware/GD32E23x_standard_peripheral/Source/gd32e23x_gpio.c:52:9
	str	r0, [sp, #12]                   @ 4-byte Spill
	bl	rcu_periph_reset_enable
	ldr	r0, [sp, #12]                   @ 4-byte Reload
	.loc	4 53 9                          @ ../Firmware/GD32E23x_standard_peripheral/Source/gd32e23x_gpio.c:53:9
	bl	rcu_periph_reset_disable
	.loc	4 54 9                          @ ../Firmware/GD32E23x_standard_peripheral/Source/gd32e23x_gpio.c:54:9
	b	.LBB0_9
.LBB0_5:
	.loc	4 0 9 is_stmt 0                 @ ../Firmware/GD32E23x_standard_peripheral/Source/gd32e23x_gpio.c:0:9
	ldr	r0, __arm_cp.0_5
	.loc	4 57 9 is_stmt 1                @ ../Firmware/GD32E23x_standard_peripheral/Source/gd32e23x_gpio.c:57:9
	str	r0, [sp, #8]                    @ 4-byte Spill
	bl	rcu_periph_reset_enable
	ldr	r0, [sp, #8]                    @ 4-byte Reload
	.loc	4 58 9                          @ ../Firmware/GD32E23x_standard_peripheral/Source/gd32e23x_gpio.c:58:9
	bl	rcu_periph_reset_disable
	.loc	4 59 9                          @ ../Firmware/GD32E23x_standard_peripheral/Source/gd32e23x_gpio.c:59:9
	b	.LBB0_9
.LBB0_6:
	.loc	4 0 9 is_stmt 0                 @ ../Firmware/GD32E23x_standard_peripheral/Source/gd32e23x_gpio.c:0:9
	ldr	r0, __arm_cp.0_4
	.loc	4 62 9 is_stmt 1                @ ../Firmware/GD32E23x_standard_peripheral/Source/gd32e23x_gpio.c:62:9
	str	r0, [sp, #4]                    @ 4-byte Spill
	bl	rcu_periph_reset_enable
	ldr	r0, [sp, #4]                    @ 4-byte Reload
	.loc	4 63 9                          @ ../Firmware/GD32E23x_standard_peripheral/Source/gd32e23x_gpio.c:63:9
	bl	rcu_periph_reset_disable
	.loc	4 64 9                          @ ../Firmware/GD32E23x_standard_peripheral/Source/gd32e23x_gpio.c:64:9
	b	.LBB0_9
.LBB0_7:
	.loc	4 0 9 is_stmt 0                 @ ../Firmware/GD32E23x_standard_peripheral/Source/gd32e23x_gpio.c:0:9
	ldr	r0, __arm_cp.0_3
	.loc	4 67 9 is_stmt 1                @ ../Firmware/GD32E23x_standard_peripheral/Source/gd32e23x_gpio.c:67:9
	str	r0, [sp]                        @ 4-byte Spill
	bl	rcu_periph_reset_enable
	ldr	r0, [sp]                        @ 4-byte Reload
	.loc	4 68 9                          @ ../Firmware/GD32E23x_standard_peripheral/Source/gd32e23x_gpio.c:68:9
	bl	rcu_periph_reset_disable
	.loc	4 69 9                          @ ../Firmware/GD32E23x_standard_peripheral/Source/gd32e23x_gpio.c:69:9
	b	.LBB0_9
.LBB0_8:
	.loc	4 71 9                          @ ../Firmware/GD32E23x_standard_peripheral/Source/gd32e23x_gpio.c:71:9
	b	.LBB0_9
.Ltmp2:
.LBB0_9:
	.loc	4 73 1                          @ ../Firmware/GD32E23x_standard_peripheral/Source/gd32e23x_gpio.c:73:1
	add	sp, #24
	pop	{r7, pc}
.Ltmp3:
	.p2align	2
@ %bb.10:
	.loc	4 0 1 is_stmt 0                 @ ../Firmware/GD32E23x_standard_peripheral/Source/gd32e23x_gpio.c:0:1
__arm_cp.0_0:
	.long	1207960576                      @ 0x48000400
.Lcpi_end0:
	.size	__arm_cp.0_0, .Lcpi_end0-__arm_cp.0_0
__arm_cp.0_1:
	.long	1207961600                      @ 0x48000800
.Lcpi_end1:
	.size	__arm_cp.0_1, .Lcpi_end1-__arm_cp.0_1
__arm_cp.0_2:
	.long	1207964672                      @ 0x48001400
.Lcpi_end2:
	.size	__arm_cp.0_2, .Lcpi_end2-__arm_cp.0_2
__arm_cp.0_3:
	.long	2582                            @ 0xa16
.Lcpi_end3:
	.size	__arm_cp.0_3, .Lcpi_end3-__arm_cp.0_3
__arm_cp.0_4:
	.long	2579                            @ 0xa13
.Lcpi_end4:
	.size	__arm_cp.0_4, .Lcpi_end4-__arm_cp.0_4
__arm_cp.0_5:
	.long	2578                            @ 0xa12
.Lcpi_end5:
	.size	__arm_cp.0_5, .Lcpi_end5-__arm_cp.0_5
__arm_cp.0_6:
	.long	2577                            @ 0xa11
.Lcpi_end6:
	.size	__arm_cp.0_6, .Lcpi_end6-__arm_cp.0_6
.Lfunc_end0:
	.size	gpio_deinit, .Lfunc_end0-gpio_deinit
	.cfi_endproc
	.cantunwind
	.fnend
                                        @ -- End function
	.section	.text.gpio_mode_set,"ax",%progbits
	.hidden	gpio_mode_set                   @ -- Begin function gpio_mode_set
	.globl	gpio_mode_set
	.p2align	1
	.type	gpio_mode_set,%function
	.code	16                              @ @gpio_mode_set
	.thumb_func
gpio_mode_set:
.Lfunc_begin1:
	.loc	4 96 0 is_stmt 1                @ ../Firmware/GD32E23x_standard_peripheral/Source/gd32e23x_gpio.c:96:0
	.fnstart
	.cfi_startproc
@ %bb.0:
	.pad	#28
	sub	sp, #28
	.cfi_def_cfa_offset 28
	str	r0, [sp, #24]
	str	r1, [sp, #20]
	str	r2, [sp, #16]
	str	r3, [sp, #12]
.Ltmp4:
	.loc	4 100 11 prologue_end           @ ../Firmware/GD32E23x_standard_peripheral/Source/gd32e23x_gpio.c:100:11
	ldr	r0, [sp, #24]
	ldr	r0, [r0]
	.loc	4 100 9 is_stmt 0               @ ../Firmware/GD32E23x_standard_peripheral/Source/gd32e23x_gpio.c:100:9
	str	r0, [sp, #4]
	.loc	4 101 12 is_stmt 1              @ ../Firmware/GD32E23x_standard_peripheral/Source/gd32e23x_gpio.c:101:12
	ldr	r0, [sp, #24]
	ldr	r0, [r0, #12]
	.loc	4 101 10 is_stmt 0              @ ../Firmware/GD32E23x_standard_peripheral/Source/gd32e23x_gpio.c:101:10
	str	r0, [sp]
	add	r1, sp, #8
	movs	r0, #0
.Ltmp5:
	.loc	4 103 11 is_stmt 1              @ ../Firmware/GD32E23x_standard_peripheral/Source/gd32e23x_gpio.c:103:11
	strh	r0, [r1]
	.loc	4 103 9 is_stmt 0               @ ../Firmware/GD32E23x_standard_peripheral/Source/gd32e23x_gpio.c:103:9
	b	.LBB1_1
.LBB1_1:                                @ =>This Inner Loop Header: Depth=1
	.loc	4 0 9                           @ ../Firmware/GD32E23x_standard_peripheral/Source/gd32e23x_gpio.c:0:9
	add	r0, sp, #8
.Ltmp6:
	.loc	4 103 16                        @ ../Firmware/GD32E23x_standard_peripheral/Source/gd32e23x_gpio.c:103:16
	ldrh	r0, [r0]
.Ltmp7:
	.loc	4 103 5                         @ ../Firmware/GD32E23x_standard_peripheral/Source/gd32e23x_gpio.c:103:5
	cmp	r0, #15
	bhi	.LBB1_6
	b	.LBB1_2
.LBB1_2:                                @   in Loop: Header=BB1_1 Depth=1
	.loc	4 0 5                           @ ../Firmware/GD32E23x_standard_peripheral/Source/gd32e23x_gpio.c:0:5
	add	r0, sp, #8
.Ltmp8:
	.loc	4 104 19 is_stmt 1              @ ../Firmware/GD32E23x_standard_peripheral/Source/gd32e23x_gpio.c:104:19
	ldrh	r1, [r0]
	.loc	4 104 24 is_stmt 0              @ ../Firmware/GD32E23x_standard_peripheral/Source/gd32e23x_gpio.c:104:24
	ldr	r0, [sp, #12]
.Ltmp9:
	.loc	4 104 12                        @ ../Firmware/GD32E23x_standard_peripheral/Source/gd32e23x_gpio.c:104:12
	lsrs	r0, r1
	lsls	r0, r0, #31
	cbz	r0, .LBB1_4
	b	.LBB1_3
.LBB1_3:                                @   in Loop: Header=BB1_1 Depth=1
	.loc	4 0 12                          @ ../Firmware/GD32E23x_standard_peripheral/Source/gd32e23x_gpio.c:0:12
	add	r0, sp, #8
.Ltmp10:
	.loc	4 106 21 is_stmt 1              @ ../Firmware/GD32E23x_standard_peripheral/Source/gd32e23x_gpio.c:106:21
	ldrh	r1, [r0]
	lsls	r1, r1, #1
	movs	r2, #3
	mov	r3, r2
	lsls	r3, r1
	.loc	4 106 17 is_stmt 0              @ ../Firmware/GD32E23x_standard_peripheral/Source/gd32e23x_gpio.c:106:17
	ldr	r1, [sp, #4]
	bics	r1, r3
	str	r1, [sp, #4]
	.loc	4 108 20 is_stmt 1              @ ../Firmware/GD32E23x_standard_peripheral/Source/gd32e23x_gpio.c:108:20
	ldr	r3, [sp, #20]
	ldrh	r1, [r0]
	lsls	r1, r1, #1
	lsls	r3, r1
	.loc	4 108 17 is_stmt 0              @ ../Firmware/GD32E23x_standard_peripheral/Source/gd32e23x_gpio.c:108:17
	ldr	r1, [sp, #4]
	orrs	r1, r3
	str	r1, [sp, #4]
	.loc	4 111 22 is_stmt 1              @ ../Firmware/GD32E23x_standard_peripheral/Source/gd32e23x_gpio.c:111:22
	ldrh	r1, [r0]
	lsls	r1, r1, #1
	lsls	r2, r1
	.loc	4 111 18 is_stmt 0              @ ../Firmware/GD32E23x_standard_peripheral/Source/gd32e23x_gpio.c:111:18
	ldr	r1, [sp]
	bics	r1, r2
	str	r1, [sp]
	.loc	4 113 21 is_stmt 1              @ ../Firmware/GD32E23x_standard_peripheral/Source/gd32e23x_gpio.c:113:21
	ldr	r1, [sp, #16]
	ldrh	r0, [r0]
	lsls	r0, r0, #1
	lsls	r1, r0
	.loc	4 113 18 is_stmt 0              @ ../Firmware/GD32E23x_standard_peripheral/Source/gd32e23x_gpio.c:113:18
	ldr	r0, [sp]
	orrs	r0, r1
	str	r0, [sp]
	.loc	4 114 9 is_stmt 1               @ ../Firmware/GD32E23x_standard_peripheral/Source/gd32e23x_gpio.c:114:9
	b	.LBB1_4
.Ltmp11:
.LBB1_4:                                @   in Loop: Header=BB1_1 Depth=1
	.loc	4 115 5                         @ ../Firmware/GD32E23x_standard_peripheral/Source/gd32e23x_gpio.c:115:5
	b	.LBB1_5
.Ltmp12:
.LBB1_5:                                @   in Loop: Header=BB1_1 Depth=1
	.loc	4 103 25                        @ ../Firmware/GD32E23x_standard_peripheral/Source/gd32e23x_gpio.c:103:25
	ldr	r0, [sp, #8]
	adds	r0, r0, #1
	add	r1, sp, #8
	strh	r0, [r1]
	.loc	4 103 5 is_stmt 0               @ ../Firmware/GD32E23x_standard_peripheral/Source/gd32e23x_gpio.c:103:5
	b	.LBB1_1
.Ltmp13:
.LBB1_6:
	.loc	4 117 29 is_stmt 1              @ ../Firmware/GD32E23x_standard_peripheral/Source/gd32e23x_gpio.c:117:29
	ldr	r0, [sp, #4]
	.loc	4 117 5 is_stmt 0               @ ../Firmware/GD32E23x_standard_peripheral/Source/gd32e23x_gpio.c:117:5
	ldr	r1, [sp, #24]
	.loc	4 117 27                        @ ../Firmware/GD32E23x_standard_peripheral/Source/gd32e23x_gpio.c:117:27
	str	r0, [r1]
	.loc	4 118 29 is_stmt 1              @ ../Firmware/GD32E23x_standard_peripheral/Source/gd32e23x_gpio.c:118:29
	ldr	r0, [sp]
	.loc	4 118 5 is_stmt 0               @ ../Firmware/GD32E23x_standard_peripheral/Source/gd32e23x_gpio.c:118:5
	ldr	r1, [sp, #24]
	.loc	4 118 27                        @ ../Firmware/GD32E23x_standard_peripheral/Source/gd32e23x_gpio.c:118:27
	str	r0, [r1, #12]
	.loc	4 119 1 is_stmt 1               @ ../Firmware/GD32E23x_standard_peripheral/Source/gd32e23x_gpio.c:119:1
	add	sp, #28
	bx	lr
.Ltmp14:
.Lfunc_end1:
	.size	gpio_mode_set, .Lfunc_end1-gpio_mode_set
	.cfi_endproc
	.cantunwind
	.fnend
                                        @ -- End function
	.section	.text.gpio_output_options_set,"ax",%progbits
	.hidden	gpio_output_options_set         @ -- Begin function gpio_output_options_set
	.globl	gpio_output_options_set
	.p2align	1
	.type	gpio_output_options_set,%function
	.code	16                              @ @gpio_output_options_set
	.thumb_func
gpio_output_options_set:
.Lfunc_begin2:
	.loc	4 140 0                         @ ../Firmware/GD32E23x_standard_peripheral/Source/gd32e23x_gpio.c:140:0
	.fnstart
	.cfi_startproc
@ %bb.0:
	.save	{r4, lr}
	push	{r4, lr}
	.cfi_def_cfa_offset 8
	.cfi_offset lr, -4
	.cfi_offset r4, -8
	.pad	#24
	sub	sp, #24
	.cfi_def_cfa_offset 32
                                        @ kill: def $r4 killed $r1
	str	r0, [sp, #20]
	add	r0, sp, #16
	strb	r1, [r0]
	str	r2, [sp, #12]
	str	r3, [sp, #8]
.Ltmp15:
	.loc	4 144 25 prologue_end           @ ../Firmware/GD32E23x_standard_peripheral/Source/gd32e23x_gpio.c:144:25
	ldrb	r0, [r0]
.Ltmp16:
	.loc	4 144 8 is_stmt 0               @ ../Firmware/GD32E23x_standard_peripheral/Source/gd32e23x_gpio.c:144:8
	cmp	r0, #1
	bne	.LBB2_2
	b	.LBB2_1
.LBB2_1:
.Ltmp17:
	.loc	4 145 46 is_stmt 1              @ ../Firmware/GD32E23x_standard_peripheral/Source/gd32e23x_gpio.c:145:46
	ldr	r2, [sp, #8]
	.loc	4 145 9 is_stmt 0               @ ../Firmware/GD32E23x_standard_peripheral/Source/gd32e23x_gpio.c:145:9
	ldr	r1, [sp, #20]
	.loc	4 145 33                        @ ../Firmware/GD32E23x_standard_peripheral/Source/gd32e23x_gpio.c:145:33
	ldr	r0, [r1, #4]
	orrs	r0, r2
	str	r0, [r1, #4]
	.loc	4 146 5 is_stmt 1               @ ../Firmware/GD32E23x_standard_peripheral/Source/gd32e23x_gpio.c:146:5
	b	.LBB2_3
.Ltmp18:
.LBB2_2:
	.loc	4 147 48                        @ ../Firmware/GD32E23x_standard_peripheral/Source/gd32e23x_gpio.c:147:48
	ldr	r2, [sp, #8]
	.loc	4 147 9 is_stmt 0               @ ../Firmware/GD32E23x_standard_peripheral/Source/gd32e23x_gpio.c:147:9
	ldr	r1, [sp, #20]
	.loc	4 147 33                        @ ../Firmware/GD32E23x_standard_peripheral/Source/gd32e23x_gpio.c:147:33
	ldr	r0, [r1, #4]
	bics	r0, r2
	str	r0, [r1, #4]
	b	.LBB2_3
.Ltmp19:
.LBB2_3:
	.loc	4 151 14 is_stmt 1              @ ../Firmware/GD32E23x_standard_peripheral/Source/gd32e23x_gpio.c:151:14
	ldr	r0, [sp, #20]
	ldr	r0, [r0, #8]
	.loc	4 151 12 is_stmt 0              @ ../Firmware/GD32E23x_standard_peripheral/Source/gd32e23x_gpio.c:151:12
	str	r0, [sp]
	add	r1, sp, #4
	movs	r0, #0
.Ltmp20:
	.loc	4 153 11 is_stmt 1              @ ../Firmware/GD32E23x_standard_peripheral/Source/gd32e23x_gpio.c:153:11
	strh	r0, [r1]
	.loc	4 153 9 is_stmt 0               @ ../Firmware/GD32E23x_standard_peripheral/Source/gd32e23x_gpio.c:153:9
	b	.LBB2_4
.LBB2_4:                                @ =>This Inner Loop Header: Depth=1
	.loc	4 0 9                           @ ../Firmware/GD32E23x_standard_peripheral/Source/gd32e23x_gpio.c:0:9
	add	r0, sp, #4
.Ltmp21:
	.loc	4 153 16                        @ ../Firmware/GD32E23x_standard_peripheral/Source/gd32e23x_gpio.c:153:16
	ldrh	r0, [r0]
.Ltmp22:
	.loc	4 153 5                         @ ../Firmware/GD32E23x_standard_peripheral/Source/gd32e23x_gpio.c:153:5
	cmp	r0, #15
	bhi	.LBB2_9
	b	.LBB2_5
.LBB2_5:                                @   in Loop: Header=BB2_4 Depth=1
	.loc	4 0 5                           @ ../Firmware/GD32E23x_standard_peripheral/Source/gd32e23x_gpio.c:0:5
	add	r0, sp, #4
.Ltmp23:
	.loc	4 154 19 is_stmt 1              @ ../Firmware/GD32E23x_standard_peripheral/Source/gd32e23x_gpio.c:154:19
	ldrh	r1, [r0]
	.loc	4 154 24 is_stmt 0              @ ../Firmware/GD32E23x_standard_peripheral/Source/gd32e23x_gpio.c:154:24
	ldr	r0, [sp, #8]
.Ltmp24:
	.loc	4 154 12                        @ ../Firmware/GD32E23x_standard_peripheral/Source/gd32e23x_gpio.c:154:12
	lsrs	r0, r1
	lsls	r0, r0, #31
	cbz	r0, .LBB2_7
	b	.LBB2_6
.LBB2_6:                                @   in Loop: Header=BB2_4 Depth=1
	.loc	4 0 12                          @ ../Firmware/GD32E23x_standard_peripheral/Source/gd32e23x_gpio.c:0:12
	add	r0, sp, #4
.Ltmp25:
	.loc	4 156 24 is_stmt 1              @ ../Firmware/GD32E23x_standard_peripheral/Source/gd32e23x_gpio.c:156:24
	ldrh	r1, [r0]
	lsls	r1, r1, #1
	movs	r2, #3
	lsls	r2, r1
	.loc	4 156 20 is_stmt 0              @ ../Firmware/GD32E23x_standard_peripheral/Source/gd32e23x_gpio.c:156:20
	ldr	r1, [sp]
	bics	r1, r2
	str	r1, [sp]
	.loc	4 158 23 is_stmt 1              @ ../Firmware/GD32E23x_standard_peripheral/Source/gd32e23x_gpio.c:158:23
	ldr	r1, [sp, #12]
	ldrh	r0, [r0]
	lsls	r0, r0, #1
	lsls	r1, r0
	.loc	4 158 20 is_stmt 0              @ ../Firmware/GD32E23x_standard_peripheral/Source/gd32e23x_gpio.c:158:20
	ldr	r0, [sp]
	orrs	r0, r1
	str	r0, [sp]
	.loc	4 159 9 is_stmt 1               @ ../Firmware/GD32E23x_standard_peripheral/Source/gd32e23x_gpio.c:159:9
	b	.LBB2_7
.Ltmp26:
.LBB2_7:                                @   in Loop: Header=BB2_4 Depth=1
	.loc	4 160 5                         @ ../Firmware/GD32E23x_standard_peripheral/Source/gd32e23x_gpio.c:160:5
	b	.LBB2_8
.Ltmp27:
.LBB2_8:                                @   in Loop: Header=BB2_4 Depth=1
	.loc	4 153 25                        @ ../Firmware/GD32E23x_standard_peripheral/Source/gd32e23x_gpio.c:153:25
	ldr	r0, [sp, #4]
	adds	r0, r0, #1
	add	r1, sp, #4
	strh	r0, [r1]
	.loc	4 153 5 is_stmt 0               @ ../Firmware/GD32E23x_standard_peripheral/Source/gd32e23x_gpio.c:153:5
	b	.LBB2_4
.Ltmp28:
.LBB2_9:
	.loc	4 161 30 is_stmt 1              @ ../Firmware/GD32E23x_standard_peripheral/Source/gd32e23x_gpio.c:161:30
	ldr	r0, [sp]
	.loc	4 161 5 is_stmt 0               @ ../Firmware/GD32E23x_standard_peripheral/Source/gd32e23x_gpio.c:161:5
	ldr	r1, [sp, #20]
	.loc	4 161 28                        @ ../Firmware/GD32E23x_standard_peripheral/Source/gd32e23x_gpio.c:161:28
	str	r0, [r1, #8]
	.loc	4 162 1 is_stmt 1               @ ../Firmware/GD32E23x_standard_peripheral/Source/gd32e23x_gpio.c:162:1
	add	sp, #24
	pop	{r4, pc}
.Ltmp29:
.Lfunc_end2:
	.size	gpio_output_options_set, .Lfunc_end2-gpio_output_options_set
	.cfi_endproc
	.cantunwind
	.fnend
                                        @ -- End function
	.section	.text.gpio_bit_set,"ax",%progbits
	.hidden	gpio_bit_set                    @ -- Begin function gpio_bit_set
	.globl	gpio_bit_set
	.p2align	1
	.type	gpio_bit_set,%function
	.code	16                              @ @gpio_bit_set
	.thumb_func
gpio_bit_set:
.Lfunc_begin3:
	.loc	4 176 0                         @ ../Firmware/GD32E23x_standard_peripheral/Source/gd32e23x_gpio.c:176:0
	.fnstart
	.cfi_startproc
@ %bb.0:
	.pad	#8
	sub	sp, #8
	.cfi_def_cfa_offset 8
	str	r0, [sp, #4]
	str	r1, [sp]
.Ltmp30:
	.loc	4 177 39 prologue_end           @ ../Firmware/GD32E23x_standard_peripheral/Source/gd32e23x_gpio.c:177:39
	ldr	r0, [sp]
	.loc	4 177 5 is_stmt 0               @ ../Firmware/GD32E23x_standard_peripheral/Source/gd32e23x_gpio.c:177:5
	ldr	r1, [sp, #4]
	.loc	4 177 27                        @ ../Firmware/GD32E23x_standard_peripheral/Source/gd32e23x_gpio.c:177:27
	str	r0, [r1, #24]
	.loc	4 178 1 is_stmt 1               @ ../Firmware/GD32E23x_standard_peripheral/Source/gd32e23x_gpio.c:178:1
	add	sp, #8
	bx	lr
.Ltmp31:
.Lfunc_end3:
	.size	gpio_bit_set, .Lfunc_end3-gpio_bit_set
	.cfi_endproc
	.cantunwind
	.fnend
                                        @ -- End function
	.section	.text.gpio_bit_reset,"ax",%progbits
	.hidden	gpio_bit_reset                  @ -- Begin function gpio_bit_reset
	.globl	gpio_bit_reset
	.p2align	1
	.type	gpio_bit_reset,%function
	.code	16                              @ @gpio_bit_reset
	.thumb_func
gpio_bit_reset:
.Lfunc_begin4:
	.loc	4 192 0                         @ ../Firmware/GD32E23x_standard_peripheral/Source/gd32e23x_gpio.c:192:0
	.fnstart
	.cfi_startproc
@ %bb.0:
	.pad	#8
	sub	sp, #8
	.cfi_def_cfa_offset 8
	str	r0, [sp, #4]
	str	r1, [sp]
.Ltmp32:
	.loc	4 193 38 prologue_end           @ ../Firmware/GD32E23x_standard_peripheral/Source/gd32e23x_gpio.c:193:38
	ldr	r0, [sp]
	.loc	4 193 5 is_stmt 0               @ ../Firmware/GD32E23x_standard_peripheral/Source/gd32e23x_gpio.c:193:5
	ldr	r1, [sp, #4]
	.loc	4 193 26                        @ ../Firmware/GD32E23x_standard_peripheral/Source/gd32e23x_gpio.c:193:26
	str	r0, [r1, #40]
	.loc	4 194 1 is_stmt 1               @ ../Firmware/GD32E23x_standard_peripheral/Source/gd32e23x_gpio.c:194:1
	add	sp, #8
	bx	lr
.Ltmp33:
.Lfunc_end4:
	.size	gpio_bit_reset, .Lfunc_end4-gpio_bit_reset
	.cfi_endproc
	.cantunwind
	.fnend
                                        @ -- End function
	.section	.text.gpio_bit_write,"ax",%progbits
	.hidden	gpio_bit_write                  @ -- Begin function gpio_bit_write
	.globl	gpio_bit_write
	.p2align	1
	.type	gpio_bit_write,%function
	.code	16                              @ @gpio_bit_write
	.thumb_func
gpio_bit_write:
.Lfunc_begin5:
	.loc	4 211 0                         @ ../Firmware/GD32E23x_standard_peripheral/Source/gd32e23x_gpio.c:211:0
	.fnstart
	.cfi_startproc
@ %bb.0:
	.pad	#12
	sub	sp, #12
	.cfi_def_cfa_offset 12
                                        @ kill: def $r3 killed $r2
	str	r0, [sp, #8]
	str	r1, [sp, #4]
	mov	r0, sp
	strb	r2, [r0]
.Ltmp34:
	.loc	4 212 17 prologue_end           @ ../Firmware/GD32E23x_standard_peripheral/Source/gd32e23x_gpio.c:212:17
	ldrb	r0, [r0]
.Ltmp35:
	.loc	4 212 8 is_stmt 0               @ ../Firmware/GD32E23x_standard_peripheral/Source/gd32e23x_gpio.c:212:8
	cbz	r0, .LBB5_2
	b	.LBB5_1
.LBB5_1:
.Ltmp36:
	.loc	4 213 43 is_stmt 1              @ ../Firmware/GD32E23x_standard_peripheral/Source/gd32e23x_gpio.c:213:43
	ldr	r0, [sp, #4]
	.loc	4 213 9 is_stmt 0               @ ../Firmware/GD32E23x_standard_peripheral/Source/gd32e23x_gpio.c:213:9
	ldr	r1, [sp, #8]
	.loc	4 213 31                        @ ../Firmware/GD32E23x_standard_peripheral/Source/gd32e23x_gpio.c:213:31
	str	r0, [r1, #24]
	.loc	4 214 5 is_stmt 1               @ ../Firmware/GD32E23x_standard_peripheral/Source/gd32e23x_gpio.c:214:5
	b	.LBB5_3
.Ltmp37:
.LBB5_2:
	.loc	4 215 42                        @ ../Firmware/GD32E23x_standard_peripheral/Source/gd32e23x_gpio.c:215:42
	ldr	r0, [sp, #4]
	.loc	4 215 9 is_stmt 0               @ ../Firmware/GD32E23x_standard_peripheral/Source/gd32e23x_gpio.c:215:9
	ldr	r1, [sp, #8]
	.loc	4 215 30                        @ ../Firmware/GD32E23x_standard_peripheral/Source/gd32e23x_gpio.c:215:30
	str	r0, [r1, #40]
	b	.LBB5_3
.Ltmp38:
.LBB5_3:
	.loc	4 217 1 is_stmt 1               @ ../Firmware/GD32E23x_standard_peripheral/Source/gd32e23x_gpio.c:217:1
	add	sp, #12
	bx	lr
.Ltmp39:
.Lfunc_end5:
	.size	gpio_bit_write, .Lfunc_end5-gpio_bit_write
	.cfi_endproc
	.cantunwind
	.fnend
                                        @ -- End function
	.section	.text.gpio_port_write,"ax",%progbits
	.hidden	gpio_port_write                 @ -- Begin function gpio_port_write
	.globl	gpio_port_write
	.p2align	1
	.type	gpio_port_write,%function
	.code	16                              @ @gpio_port_write
	.thumb_func
gpio_port_write:
.Lfunc_begin6:
	.loc	4 229 0                         @ ../Firmware/GD32E23x_standard_peripheral/Source/gd32e23x_gpio.c:229:0
	.fnstart
	.cfi_startproc
@ %bb.0:
	.pad	#8
	sub	sp, #8
	.cfi_def_cfa_offset 8
                                        @ kill: def $r2 killed $r1
	str	r0, [sp, #4]
	mov	r0, sp
	strh	r1, [r0]
.Ltmp40:
	.loc	4 230 40 prologue_end           @ ../Firmware/GD32E23x_standard_peripheral/Source/gd32e23x_gpio.c:230:40
	ldrh	r0, [r0]
	.loc	4 230 5 is_stmt 0               @ ../Firmware/GD32E23x_standard_peripheral/Source/gd32e23x_gpio.c:230:5
	ldr	r1, [sp, #4]
	.loc	4 230 28                        @ ../Firmware/GD32E23x_standard_peripheral/Source/gd32e23x_gpio.c:230:28
	str	r0, [r1, #20]
	.loc	4 231 1 is_stmt 1               @ ../Firmware/GD32E23x_standard_peripheral/Source/gd32e23x_gpio.c:231:1
	add	sp, #8
	bx	lr
.Ltmp41:
.Lfunc_end6:
	.size	gpio_port_write, .Lfunc_end6-gpio_port_write
	.cfi_endproc
	.cantunwind
	.fnend
                                        @ -- End function
	.section	.text.gpio_input_bit_get,"ax",%progbits
	.hidden	gpio_input_bit_get              @ -- Begin function gpio_input_bit_get
	.globl	gpio_input_bit_get
	.p2align	1
	.type	gpio_input_bit_get,%function
	.code	16                              @ @gpio_input_bit_get
	.thumb_func
gpio_input_bit_get:
.Lfunc_begin7:
	.loc	4 245 0                         @ ../Firmware/GD32E23x_standard_peripheral/Source/gd32e23x_gpio.c:245:0
	.fnstart
	.cfi_startproc
@ %bb.0:
	.pad	#12
	sub	sp, #12
	.cfi_def_cfa_offset 12
	str	r0, [sp, #4]
	str	r1, [sp]
.Ltmp42:
	.loc	4 246 28 prologue_end           @ ../Firmware/GD32E23x_standard_peripheral/Source/gd32e23x_gpio.c:246:28
	ldr	r0, [sp, #4]
	ldr	r0, [r0, #16]
	.loc	4 246 53 is_stmt 0              @ ../Firmware/GD32E23x_standard_peripheral/Source/gd32e23x_gpio.c:246:53
	ldr	r1, [sp]
.Ltmp43:
	.loc	4 246 8                         @ ../Firmware/GD32E23x_standard_peripheral/Source/gd32e23x_gpio.c:246:8
	tst	r0, r1
	beq	.LBB7_2
	b	.LBB7_1
.LBB7_1:
	.loc	4 0 8                           @ ../Firmware/GD32E23x_standard_peripheral/Source/gd32e23x_gpio.c:0:8
	add	r1, sp, #8
	movs	r0, #1
.Ltmp44:
	.loc	4 247 9 is_stmt 1               @ ../Firmware/GD32E23x_standard_peripheral/Source/gd32e23x_gpio.c:247:9
	strb	r0, [r1]
	b	.LBB7_3
.Ltmp45:
.LBB7_2:
	.loc	4 0 9 is_stmt 0                 @ ../Firmware/GD32E23x_standard_peripheral/Source/gd32e23x_gpio.c:0:9
	add	r1, sp, #8
	movs	r0, #0
.Ltmp46:
	.loc	4 249 9 is_stmt 1               @ ../Firmware/GD32E23x_standard_peripheral/Source/gd32e23x_gpio.c:249:9
	strb	r0, [r1]
	b	.LBB7_3
.Ltmp47:
.LBB7_3:
	.loc	4 0 9 is_stmt 0                 @ ../Firmware/GD32E23x_standard_peripheral/Source/gd32e23x_gpio.c:0:9
	add	r0, sp, #8
	.loc	4 251 1 is_stmt 1               @ ../Firmware/GD32E23x_standard_peripheral/Source/gd32e23x_gpio.c:251:1
	ldrb	r0, [r0]
	add	sp, #12
	bx	lr
.Ltmp48:
.Lfunc_end7:
	.size	gpio_input_bit_get, .Lfunc_end7-gpio_input_bit_get
	.cfi_endproc
	.cantunwind
	.fnend
                                        @ -- End function
	.section	.text.gpio_input_port_get,"ax",%progbits
	.hidden	gpio_input_port_get             @ -- Begin function gpio_input_port_get
	.globl	gpio_input_port_get
	.p2align	1
	.type	gpio_input_port_get,%function
	.code	16                              @ @gpio_input_port_get
	.thumb_func
gpio_input_port_get:
.Lfunc_begin8:
	.loc	4 262 0                         @ ../Firmware/GD32E23x_standard_peripheral/Source/gd32e23x_gpio.c:262:0
	.fnstart
	.cfi_startproc
@ %bb.0:
	.pad	#4
	sub	sp, #4
	.cfi_def_cfa_offset 4
	str	r0, [sp]
.Ltmp49:
	.loc	4 263 22 prologue_end           @ ../Firmware/GD32E23x_standard_peripheral/Source/gd32e23x_gpio.c:263:22
	ldr	r0, [sp]
	ldr	r0, [r0, #16]
	.loc	4 263 5 is_stmt 0               @ ../Firmware/GD32E23x_standard_peripheral/Source/gd32e23x_gpio.c:263:5
	uxth	r0, r0
	add	sp, #4
	bx	lr
.Ltmp50:
.Lfunc_end8:
	.size	gpio_input_port_get, .Lfunc_end8-gpio_input_port_get
	.cfi_endproc
	.cantunwind
	.fnend
                                        @ -- End function
	.section	.text.gpio_output_bit_get,"ax",%progbits
	.hidden	gpio_output_bit_get             @ -- Begin function gpio_output_bit_get
	.globl	gpio_output_bit_get
	.p2align	1
	.type	gpio_output_bit_get,%function
	.code	16                              @ @gpio_output_bit_get
	.thumb_func
gpio_output_bit_get:
.Lfunc_begin9:
	.loc	4 278 0 is_stmt 1               @ ../Firmware/GD32E23x_standard_peripheral/Source/gd32e23x_gpio.c:278:0
	.fnstart
	.cfi_startproc
@ %bb.0:
	.pad	#12
	sub	sp, #12
	.cfi_def_cfa_offset 12
	str	r0, [sp, #4]
	str	r1, [sp]
.Ltmp51:
	.loc	4 279 28 prologue_end           @ ../Firmware/GD32E23x_standard_peripheral/Source/gd32e23x_gpio.c:279:28
	ldr	r0, [sp, #4]
	ldr	r0, [r0, #20]
	.loc	4 279 52 is_stmt 0              @ ../Firmware/GD32E23x_standard_peripheral/Source/gd32e23x_gpio.c:279:52
	ldr	r1, [sp]
.Ltmp52:
	.loc	4 279 8                         @ ../Firmware/GD32E23x_standard_peripheral/Source/gd32e23x_gpio.c:279:8
	tst	r0, r1
	beq	.LBB9_2
	b	.LBB9_1
.LBB9_1:
	.loc	4 0 8                           @ ../Firmware/GD32E23x_standard_peripheral/Source/gd32e23x_gpio.c:0:8
	add	r1, sp, #8
	movs	r0, #1
.Ltmp53:
	.loc	4 280 9 is_stmt 1               @ ../Firmware/GD32E23x_standard_peripheral/Source/gd32e23x_gpio.c:280:9
	strb	r0, [r1]
	b	.LBB9_3
.Ltmp54:
.LBB9_2:
	.loc	4 0 9 is_stmt 0                 @ ../Firmware/GD32E23x_standard_peripheral/Source/gd32e23x_gpio.c:0:9
	add	r1, sp, #8
	movs	r0, #0
.Ltmp55:
	.loc	4 282 9 is_stmt 1               @ ../Firmware/GD32E23x_standard_peripheral/Source/gd32e23x_gpio.c:282:9
	strb	r0, [r1]
	b	.LBB9_3
.Ltmp56:
.LBB9_3:
	.loc	4 0 9 is_stmt 0                 @ ../Firmware/GD32E23x_standard_peripheral/Source/gd32e23x_gpio.c:0:9
	add	r0, sp, #8
	.loc	4 284 1 is_stmt 1               @ ../Firmware/GD32E23x_standard_peripheral/Source/gd32e23x_gpio.c:284:1
	ldrb	r0, [r0]
	add	sp, #12
	bx	lr
.Ltmp57:
.Lfunc_end9:
	.size	gpio_output_bit_get, .Lfunc_end9-gpio_output_bit_get
	.cfi_endproc
	.cantunwind
	.fnend
                                        @ -- End function
	.section	.text.gpio_output_port_get,"ax",%progbits
	.hidden	gpio_output_port_get            @ -- Begin function gpio_output_port_get
	.globl	gpio_output_port_get
	.p2align	1
	.type	gpio_output_port_get,%function
	.code	16                              @ @gpio_output_port_get
	.thumb_func
gpio_output_port_get:
.Lfunc_begin10:
	.loc	4 295 0                         @ ../Firmware/GD32E23x_standard_peripheral/Source/gd32e23x_gpio.c:295:0
	.fnstart
	.cfi_startproc
@ %bb.0:
	.pad	#4
	sub	sp, #4
	.cfi_def_cfa_offset 4
	str	r0, [sp]
.Ltmp58:
	.loc	4 296 22 prologue_end           @ ../Firmware/GD32E23x_standard_peripheral/Source/gd32e23x_gpio.c:296:22
	ldr	r0, [sp]
	ldr	r0, [r0, #20]
	.loc	4 296 5 is_stmt 0               @ ../Firmware/GD32E23x_standard_peripheral/Source/gd32e23x_gpio.c:296:5
	uxth	r0, r0
	add	sp, #4
	bx	lr
.Ltmp59:
.Lfunc_end10:
	.size	gpio_output_port_get, .Lfunc_end10-gpio_output_port_get
	.cfi_endproc
	.cantunwind
	.fnend
                                        @ -- End function
	.section	.text.gpio_af_set,"ax",%progbits
	.hidden	gpio_af_set                     @ -- Begin function gpio_af_set
	.globl	gpio_af_set
	.p2align	1
	.type	gpio_af_set,%function
	.code	16                              @ @gpio_af_set
	.thumb_func
gpio_af_set:
.Lfunc_begin11:
	.loc	4 321 0 is_stmt 1               @ ../Firmware/GD32E23x_standard_peripheral/Source/gd32e23x_gpio.c:321:0
	.fnstart
	.cfi_startproc
@ %bb.0:
	.pad	#24
	sub	sp, #24
	.cfi_def_cfa_offset 24
	str	r0, [sp, #20]
	str	r1, [sp, #16]
	str	r2, [sp, #12]
.Ltmp60:
	.loc	4 325 12 prologue_end           @ ../Firmware/GD32E23x_standard_peripheral/Source/gd32e23x_gpio.c:325:12
	ldr	r0, [sp, #20]
	ldr	r0, [r0, #32]
	.loc	4 325 10 is_stmt 0              @ ../Firmware/GD32E23x_standard_peripheral/Source/gd32e23x_gpio.c:325:10
	str	r0, [sp, #4]
	.loc	4 326 12 is_stmt 1              @ ../Firmware/GD32E23x_standard_peripheral/Source/gd32e23x_gpio.c:326:12
	ldr	r0, [sp, #20]
	ldr	r0, [r0, #36]
	.loc	4 326 10 is_stmt 0              @ ../Firmware/GD32E23x_standard_peripheral/Source/gd32e23x_gpio.c:326:10
	str	r0, [sp]
	add	r1, sp, #8
	movs	r0, #0
.Ltmp61:
	.loc	4 328 11 is_stmt 1              @ ../Firmware/GD32E23x_standard_peripheral/Source/gd32e23x_gpio.c:328:11
	strh	r0, [r1]
	.loc	4 328 9 is_stmt 0               @ ../Firmware/GD32E23x_standard_peripheral/Source/gd32e23x_gpio.c:328:9
	b	.LBB11_1
.LBB11_1:                               @ =>This Inner Loop Header: Depth=1
	.loc	4 0 9                           @ ../Firmware/GD32E23x_standard_peripheral/Source/gd32e23x_gpio.c:0:9
	add	r0, sp, #8
.Ltmp62:
	.loc	4 328 16                        @ ../Firmware/GD32E23x_standard_peripheral/Source/gd32e23x_gpio.c:328:16
	ldrh	r0, [r0]
.Ltmp63:
	.loc	4 328 5                         @ ../Firmware/GD32E23x_standard_peripheral/Source/gd32e23x_gpio.c:328:5
	cmp	r0, #7
	bhi	.LBB11_6
	b	.LBB11_2
.LBB11_2:                               @   in Loop: Header=BB11_1 Depth=1
	.loc	4 0 5                           @ ../Firmware/GD32E23x_standard_peripheral/Source/gd32e23x_gpio.c:0:5
	add	r0, sp, #8
.Ltmp64:
	.loc	4 329 19 is_stmt 1              @ ../Firmware/GD32E23x_standard_peripheral/Source/gd32e23x_gpio.c:329:19
	ldrh	r1, [r0]
	.loc	4 329 24 is_stmt 0              @ ../Firmware/GD32E23x_standard_peripheral/Source/gd32e23x_gpio.c:329:24
	ldr	r0, [sp, #12]
.Ltmp65:
	.loc	4 329 12                        @ ../Firmware/GD32E23x_standard_peripheral/Source/gd32e23x_gpio.c:329:12
	lsrs	r0, r1
	lsls	r0, r0, #31
	cbz	r0, .LBB11_4
	b	.LBB11_3
.LBB11_3:                               @   in Loop: Header=BB11_1 Depth=1
	.loc	4 0 12                          @ ../Firmware/GD32E23x_standard_peripheral/Source/gd32e23x_gpio.c:0:12
	add	r0, sp, #8
.Ltmp66:
	.loc	4 331 22 is_stmt 1              @ ../Firmware/GD32E23x_standard_peripheral/Source/gd32e23x_gpio.c:331:22
	ldrh	r1, [r0]
	lsls	r1, r1, #2
	movs	r2, #15
	lsls	r2, r1
	.loc	4 331 18 is_stmt 0              @ ../Firmware/GD32E23x_standard_peripheral/Source/gd32e23x_gpio.c:331:18
	ldr	r1, [sp, #4]
	bics	r1, r2
	str	r1, [sp, #4]
	.loc	4 332 21 is_stmt 1              @ ../Firmware/GD32E23x_standard_peripheral/Source/gd32e23x_gpio.c:332:21
	ldr	r1, [sp, #16]
	ldrh	r0, [r0]
	lsls	r0, r0, #2
	lsls	r1, r0
	.loc	4 332 18 is_stmt 0              @ ../Firmware/GD32E23x_standard_peripheral/Source/gd32e23x_gpio.c:332:18
	ldr	r0, [sp, #4]
	orrs	r0, r1
	str	r0, [sp, #4]
	.loc	4 333 9 is_stmt 1               @ ../Firmware/GD32E23x_standard_peripheral/Source/gd32e23x_gpio.c:333:9
	b	.LBB11_4
.Ltmp67:
.LBB11_4:                               @   in Loop: Header=BB11_1 Depth=1
	.loc	4 334 5                         @ ../Firmware/GD32E23x_standard_peripheral/Source/gd32e23x_gpio.c:334:5
	b	.LBB11_5
.Ltmp68:
.LBB11_5:                               @   in Loop: Header=BB11_1 Depth=1
	.loc	4 328 24                        @ ../Firmware/GD32E23x_standard_peripheral/Source/gd32e23x_gpio.c:328:24
	ldr	r0, [sp, #8]
	adds	r0, r0, #1
	add	r1, sp, #8
	strh	r0, [r1]
	.loc	4 328 5 is_stmt 0               @ ../Firmware/GD32E23x_standard_peripheral/Source/gd32e23x_gpio.c:328:5
	b	.LBB11_1
.Ltmp69:
.LBB11_6:
	.loc	4 0 5                           @ ../Firmware/GD32E23x_standard_peripheral/Source/gd32e23x_gpio.c:0:5
	add	r1, sp, #8
	movs	r0, #8
.Ltmp70:
	.loc	4 336 11 is_stmt 1              @ ../Firmware/GD32E23x_standard_peripheral/Source/gd32e23x_gpio.c:336:11
	strh	r0, [r1]
	.loc	4 336 9 is_stmt 0               @ ../Firmware/GD32E23x_standard_peripheral/Source/gd32e23x_gpio.c:336:9
	b	.LBB11_7
.LBB11_7:                               @ =>This Inner Loop Header: Depth=1
	.loc	4 0 9                           @ ../Firmware/GD32E23x_standard_peripheral/Source/gd32e23x_gpio.c:0:9
	add	r0, sp, #8
.Ltmp71:
	.loc	4 336 16                        @ ../Firmware/GD32E23x_standard_peripheral/Source/gd32e23x_gpio.c:336:16
	ldrh	r0, [r0]
.Ltmp72:
	.loc	4 336 5                         @ ../Firmware/GD32E23x_standard_peripheral/Source/gd32e23x_gpio.c:336:5
	cmp	r0, #15
	bhi	.LBB11_12
	b	.LBB11_8
.LBB11_8:                               @   in Loop: Header=BB11_7 Depth=1
	.loc	4 0 5                           @ ../Firmware/GD32E23x_standard_peripheral/Source/gd32e23x_gpio.c:0:5
	add	r0, sp, #8
.Ltmp73:
	.loc	4 337 19 is_stmt 1              @ ../Firmware/GD32E23x_standard_peripheral/Source/gd32e23x_gpio.c:337:19
	ldrh	r1, [r0]
	.loc	4 337 24 is_stmt 0              @ ../Firmware/GD32E23x_standard_peripheral/Source/gd32e23x_gpio.c:337:24
	ldr	r0, [sp, #12]
.Ltmp74:
	.loc	4 337 12                        @ ../Firmware/GD32E23x_standard_peripheral/Source/gd32e23x_gpio.c:337:12
	lsrs	r0, r1
	lsls	r0, r0, #31
	cbz	r0, .LBB11_10
	b	.LBB11_9
.LBB11_9:                               @   in Loop: Header=BB11_7 Depth=1
	.loc	4 0 12                          @ ../Firmware/GD32E23x_standard_peripheral/Source/gd32e23x_gpio.c:0:12
	add	r0, sp, #8
.Ltmp75:
	.loc	4 339 22 is_stmt 1              @ ../Firmware/GD32E23x_standard_peripheral/Source/gd32e23x_gpio.c:339:22
	ldrh	r1, [r0]
	lsls	r1, r1, #2
	subs	r1, #32
	movs	r2, #15
	lsls	r2, r1
	.loc	4 339 18 is_stmt 0              @ ../Firmware/GD32E23x_standard_peripheral/Source/gd32e23x_gpio.c:339:18
	ldr	r1, [sp]
	bics	r1, r2
	str	r1, [sp]
	.loc	4 340 21 is_stmt 1              @ ../Firmware/GD32E23x_standard_peripheral/Source/gd32e23x_gpio.c:340:21
	ldr	r1, [sp, #16]
	ldrh	r0, [r0]
	lsls	r0, r0, #2
	subs	r0, #32
	lsls	r1, r0
	.loc	4 340 18 is_stmt 0              @ ../Firmware/GD32E23x_standard_peripheral/Source/gd32e23x_gpio.c:340:18
	ldr	r0, [sp]
	orrs	r0, r1
	str	r0, [sp]
	.loc	4 341 9 is_stmt 1               @ ../Firmware/GD32E23x_standard_peripheral/Source/gd32e23x_gpio.c:341:9
	b	.LBB11_10
.Ltmp76:
.LBB11_10:                              @   in Loop: Header=BB11_7 Depth=1
	.loc	4 342 5                         @ ../Firmware/GD32E23x_standard_peripheral/Source/gd32e23x_gpio.c:342:5
	b	.LBB11_11
.Ltmp77:
.LBB11_11:                              @   in Loop: Header=BB11_7 Depth=1
	.loc	4 336 25                        @ ../Firmware/GD32E23x_standard_peripheral/Source/gd32e23x_gpio.c:336:25
	ldr	r0, [sp, #8]
	adds	r0, r0, #1
	add	r1, sp, #8
	strh	r0, [r1]
	.loc	4 336 5 is_stmt 0               @ ../Firmware/GD32E23x_standard_peripheral/Source/gd32e23x_gpio.c:336:5
	b	.LBB11_7
.Ltmp78:
.LBB11_12:
	.loc	4 344 32 is_stmt 1              @ ../Firmware/GD32E23x_standard_peripheral/Source/gd32e23x_gpio.c:344:32
	ldr	r0, [sp, #4]
	.loc	4 344 5 is_stmt 0               @ ../Firmware/GD32E23x_standard_peripheral/Source/gd32e23x_gpio.c:344:5
	ldr	r1, [sp, #20]
	.loc	4 344 30                        @ ../Firmware/GD32E23x_standard_peripheral/Source/gd32e23x_gpio.c:344:30
	str	r0, [r1, #32]
	.loc	4 345 32 is_stmt 1              @ ../Firmware/GD32E23x_standard_peripheral/Source/gd32e23x_gpio.c:345:32
	ldr	r0, [sp]
	.loc	4 345 5 is_stmt 0               @ ../Firmware/GD32E23x_standard_peripheral/Source/gd32e23x_gpio.c:345:5
	ldr	r1, [sp, #20]
	.loc	4 345 30                        @ ../Firmware/GD32E23x_standard_peripheral/Source/gd32e23x_gpio.c:345:30
	str	r0, [r1, #36]
	.loc	4 346 1 is_stmt 1               @ ../Firmware/GD32E23x_standard_peripheral/Source/gd32e23x_gpio.c:346:1
	add	sp, #24
	bx	lr
.Ltmp79:
.Lfunc_end11:
	.size	gpio_af_set, .Lfunc_end11-gpio_af_set
	.cfi_endproc
	.cantunwind
	.fnend
                                        @ -- End function
	.section	.text.gpio_pin_lock,"ax",%progbits
	.hidden	gpio_pin_lock                   @ -- Begin function gpio_pin_lock
	.globl	gpio_pin_lock
	.p2align	1
	.type	gpio_pin_lock,%function
	.code	16                              @ @gpio_pin_lock
	.thumb_func
gpio_pin_lock:
.Lfunc_begin12:
	.loc	4 360 0                         @ ../Firmware/GD32E23x_standard_peripheral/Source/gd32e23x_gpio.c:360:0
	.fnstart
	.cfi_startproc
@ %bb.0:
	.pad	#12
	sub	sp, #12
	.cfi_def_cfa_offset 12
	str	r0, [sp, #8]
	str	r1, [sp, #4]
	movs	r0, #1
	lsls	r0, r0, #16
.Ltmp80:
	.loc	4 361 14 prologue_end           @ ../Firmware/GD32E23x_standard_peripheral/Source/gd32e23x_gpio.c:361:14
	str	r0, [sp]
	.loc	4 362 13                        @ ../Firmware/GD32E23x_standard_peripheral/Source/gd32e23x_gpio.c:362:13
	ldr	r1, [sp, #4]
	.loc	4 362 10 is_stmt 0              @ ../Firmware/GD32E23x_standard_peripheral/Source/gd32e23x_gpio.c:362:10
	ldr	r0, [sp]
	orrs	r0, r1
	str	r0, [sp]
	.loc	4 365 40 is_stmt 1              @ ../Firmware/GD32E23x_standard_peripheral/Source/gd32e23x_gpio.c:365:40
	ldr	r0, [sp]
	.loc	4 365 5 is_stmt 0               @ ../Firmware/GD32E23x_standard_peripheral/Source/gd32e23x_gpio.c:365:5
	ldr	r1, [sp, #8]
	.loc	4 365 28                        @ ../Firmware/GD32E23x_standard_peripheral/Source/gd32e23x_gpio.c:365:28
	str	r0, [r1, #28]
	.loc	4 366 40 is_stmt 1              @ ../Firmware/GD32E23x_standard_peripheral/Source/gd32e23x_gpio.c:366:40
	ldr	r0, [sp, #4]
	.loc	4 366 5 is_stmt 0               @ ../Firmware/GD32E23x_standard_peripheral/Source/gd32e23x_gpio.c:366:5
	ldr	r1, [sp, #8]
	.loc	4 366 28                        @ ../Firmware/GD32E23x_standard_peripheral/Source/gd32e23x_gpio.c:366:28
	str	r0, [r1, #28]
	.loc	4 367 40 is_stmt 1              @ ../Firmware/GD32E23x_standard_peripheral/Source/gd32e23x_gpio.c:367:40
	ldr	r0, [sp]
	.loc	4 367 5 is_stmt 0               @ ../Firmware/GD32E23x_standard_peripheral/Source/gd32e23x_gpio.c:367:5
	ldr	r1, [sp, #8]
	.loc	4 367 28                        @ ../Firmware/GD32E23x_standard_peripheral/Source/gd32e23x_gpio.c:367:28
	str	r0, [r1, #28]
	.loc	4 368 12 is_stmt 1              @ ../Firmware/GD32E23x_standard_peripheral/Source/gd32e23x_gpio.c:368:12
	ldr	r0, [sp, #8]
	ldr	r0, [r0, #28]
	.loc	4 368 10 is_stmt 0              @ ../Firmware/GD32E23x_standard_peripheral/Source/gd32e23x_gpio.c:368:10
	str	r0, [sp]
	.loc	4 369 12 is_stmt 1              @ ../Firmware/GD32E23x_standard_peripheral/Source/gd32e23x_gpio.c:369:12
	ldr	r0, [sp, #8]
	ldr	r0, [r0, #28]
	.loc	4 369 10 is_stmt 0              @ ../Firmware/GD32E23x_standard_peripheral/Source/gd32e23x_gpio.c:369:10
	str	r0, [sp]
	.loc	4 370 1 is_stmt 1               @ ../Firmware/GD32E23x_standard_peripheral/Source/gd32e23x_gpio.c:370:1
	add	sp, #12
	bx	lr
.Ltmp81:
.Lfunc_end12:
	.size	gpio_pin_lock, .Lfunc_end12-gpio_pin_lock
	.cfi_endproc
	.cantunwind
	.fnend
                                        @ -- End function
	.section	.text.gpio_bit_toggle,"ax",%progbits
	.hidden	gpio_bit_toggle                 @ -- Begin function gpio_bit_toggle
	.globl	gpio_bit_toggle
	.p2align	1
	.type	gpio_bit_toggle,%function
	.code	16                              @ @gpio_bit_toggle
	.thumb_func
gpio_bit_toggle:
.Lfunc_begin13:
	.loc	4 384 0                         @ ../Firmware/GD32E23x_standard_peripheral/Source/gd32e23x_gpio.c:384:0
	.fnstart
	.cfi_startproc
@ %bb.0:
	.pad	#8
	sub	sp, #8
	.cfi_def_cfa_offset 8
	str	r0, [sp, #4]
	str	r1, [sp]
.Ltmp82:
	.loc	4 385 38 prologue_end           @ ../Firmware/GD32E23x_standard_peripheral/Source/gd32e23x_gpio.c:385:38
	ldr	r0, [sp]
	.loc	4 385 5 is_stmt 0               @ ../Firmware/GD32E23x_standard_peripheral/Source/gd32e23x_gpio.c:385:5
	ldr	r1, [sp, #4]
	.loc	4 385 26                        @ ../Firmware/GD32E23x_standard_peripheral/Source/gd32e23x_gpio.c:385:26
	str	r0, [r1, #44]
	.loc	4 386 1 is_stmt 1               @ ../Firmware/GD32E23x_standard_peripheral/Source/gd32e23x_gpio.c:386:1
	add	sp, #8
	bx	lr
.Ltmp83:
.Lfunc_end13:
	.size	gpio_bit_toggle, .Lfunc_end13-gpio_bit_toggle
	.cfi_endproc
	.cantunwind
	.fnend
                                        @ -- End function
	.section	.text.gpio_port_toggle,"ax",%progbits
	.hidden	gpio_port_toggle                @ -- Begin function gpio_port_toggle
	.globl	gpio_port_toggle
	.p2align	2
	.type	gpio_port_toggle,%function
	.code	16                              @ @gpio_port_toggle
	.thumb_func
gpio_port_toggle:
.Lfunc_begin14:
	.loc	4 397 0                         @ ../Firmware/GD32E23x_standard_peripheral/Source/gd32e23x_gpio.c:397:0
	.fnstart
	.cfi_startproc
@ %bb.0:
	.pad	#4
	sub	sp, #4
	.cfi_def_cfa_offset 4
	str	r0, [sp]
.Ltmp84:
	.loc	4 398 5 prologue_end            @ ../Firmware/GD32E23x_standard_peripheral/Source/gd32e23x_gpio.c:398:5
	ldr	r1, [sp]
	ldr	r0, __arm_cp.14_0
	.loc	4 398 26 is_stmt 0              @ ../Firmware/GD32E23x_standard_peripheral/Source/gd32e23x_gpio.c:398:26
	str	r0, [r1, #44]
	.loc	4 399 1 is_stmt 1               @ ../Firmware/GD32E23x_standard_peripheral/Source/gd32e23x_gpio.c:399:1
	add	sp, #4
	bx	lr
.Ltmp85:
	.p2align	2
@ %bb.1:
	.loc	4 0 1 is_stmt 0                 @ ../Firmware/GD32E23x_standard_peripheral/Source/gd32e23x_gpio.c:0:1
__arm_cp.14_0:
	.long	65535                           @ 0xffff
.Lcpi_end7:
	.size	__arm_cp.14_0, .Lcpi_end7-__arm_cp.14_0
.Lfunc_end14:
	.size	gpio_port_toggle, .Lfunc_end14-gpio_port_toggle
	.cfi_endproc
	.cantunwind
	.fnend
                                        @ -- End function
	.file	5 "D:\\GD32\\GD32E230\\Oscilloscope\\Project" "../Firmware/GD32E23x_standard_peripheral/Include\\gd32e23x_gpio.h"
	.section	.debug_abbrev,"",%progbits
	.byte	1                               @ Abbreviation Code
	.byte	17                              @ DW_TAG_compile_unit
	.byte	1                               @ DW_CHILDREN_yes
	.byte	37                              @ DW_AT_producer
	.byte	14                              @ DW_FORM_strp
	.byte	19                              @ DW_AT_language
	.byte	5                               @ DW_FORM_data2
	.byte	3                               @ DW_AT_name
	.byte	14                              @ DW_FORM_strp
	.byte	16                              @ DW_AT_stmt_list
	.byte	23                              @ DW_FORM_sec_offset
	.byte	27                              @ DW_AT_comp_dir
	.byte	14                              @ DW_FORM_strp
	.byte	17                              @ DW_AT_low_pc
	.byte	1                               @ DW_FORM_addr
	.byte	85                              @ DW_AT_ranges
	.byte	23                              @ DW_FORM_sec_offset
	.byte	0                               @ EOM(1)
	.byte	0                               @ EOM(2)
	.byte	2                               @ Abbreviation Code
	.byte	4                               @ DW_TAG_enumeration_type
	.byte	1                               @ DW_CHILDREN_yes
	.byte	73                              @ DW_AT_type
	.byte	19                              @ DW_FORM_ref4
	.byte	11                              @ DW_AT_byte_size
	.byte	11                              @ DW_FORM_data1
	.byte	58                              @ DW_AT_decl_file
	.byte	11                              @ DW_FORM_data1
	.byte	59                              @ DW_AT_decl_line
	.byte	5                               @ DW_FORM_data2
	.byte	0                               @ EOM(1)
	.byte	0                               @ EOM(2)
	.byte	3                               @ Abbreviation Code
	.byte	40                              @ DW_TAG_enumerator
	.byte	0                               @ DW_CHILDREN_no
	.byte	3                               @ DW_AT_name
	.byte	14                              @ DW_FORM_strp
	.byte	28                              @ DW_AT_const_value
	.byte	15                              @ DW_FORM_udata
	.byte	0                               @ EOM(1)
	.byte	0                               @ EOM(2)
	.byte	4                               @ Abbreviation Code
	.byte	36                              @ DW_TAG_base_type
	.byte	0                               @ DW_CHILDREN_no
	.byte	3                               @ DW_AT_name
	.byte	14                              @ DW_FORM_strp
	.byte	62                              @ DW_AT_encoding
	.byte	11                              @ DW_FORM_data1
	.byte	11                              @ DW_AT_byte_size
	.byte	11                              @ DW_FORM_data1
	.byte	0                               @ EOM(1)
	.byte	0                               @ EOM(2)
	.byte	5                               @ Abbreviation Code
	.byte	4                               @ DW_TAG_enumeration_type
	.byte	1                               @ DW_CHILDREN_yes
	.byte	73                              @ DW_AT_type
	.byte	19                              @ DW_FORM_ref4
	.byte	11                              @ DW_AT_byte_size
	.byte	11                              @ DW_FORM_data1
	.byte	58                              @ DW_AT_decl_file
	.byte	11                              @ DW_FORM_data1
	.byte	59                              @ DW_AT_decl_line
	.byte	11                              @ DW_FORM_data1
	.byte	0                               @ EOM(1)
	.byte	0                               @ EOM(2)
	.byte	6                               @ Abbreviation Code
	.byte	15                              @ DW_TAG_pointer_type
	.byte	0                               @ DW_CHILDREN_no
	.byte	73                              @ DW_AT_type
	.byte	19                              @ DW_FORM_ref4
	.byte	0                               @ EOM(1)
	.byte	0                               @ EOM(2)
	.byte	7                               @ Abbreviation Code
	.byte	53                              @ DW_TAG_volatile_type
	.byte	0                               @ DW_CHILDREN_no
	.byte	73                              @ DW_AT_type
	.byte	19                              @ DW_FORM_ref4
	.byte	0                               @ EOM(1)
	.byte	0                               @ EOM(2)
	.byte	8                               @ Abbreviation Code
	.byte	22                              @ DW_TAG_typedef
	.byte	0                               @ DW_CHILDREN_no
	.byte	73                              @ DW_AT_type
	.byte	19                              @ DW_FORM_ref4
	.byte	3                               @ DW_AT_name
	.byte	14                              @ DW_FORM_strp
	.byte	58                              @ DW_AT_decl_file
	.byte	11                              @ DW_FORM_data1
	.byte	59                              @ DW_AT_decl_line
	.byte	11                              @ DW_FORM_data1
	.byte	0                               @ EOM(1)
	.byte	0                               @ EOM(2)
	.byte	9                               @ Abbreviation Code
	.byte	46                              @ DW_TAG_subprogram
	.byte	1                               @ DW_CHILDREN_yes
	.byte	17                              @ DW_AT_low_pc
	.byte	1                               @ DW_FORM_addr
	.byte	18                              @ DW_AT_high_pc
	.byte	6                               @ DW_FORM_data4
	.byte	64                              @ DW_AT_frame_base
	.byte	24                              @ DW_FORM_exprloc
	.byte	3                               @ DW_AT_name
	.byte	14                              @ DW_FORM_strp
	.byte	58                              @ DW_AT_decl_file
	.byte	11                              @ DW_FORM_data1
	.byte	59                              @ DW_AT_decl_line
	.byte	11                              @ DW_FORM_data1
	.byte	39                              @ DW_AT_prototyped
	.byte	25                              @ DW_FORM_flag_present
	.byte	63                              @ DW_AT_external
	.byte	25                              @ DW_FORM_flag_present
	.byte	0                               @ EOM(1)
	.byte	0                               @ EOM(2)
	.byte	10                              @ Abbreviation Code
	.byte	5                               @ DW_TAG_formal_parameter
	.byte	0                               @ DW_CHILDREN_no
	.byte	2                               @ DW_AT_location
	.byte	24                              @ DW_FORM_exprloc
	.byte	3                               @ DW_AT_name
	.byte	14                              @ DW_FORM_strp
	.byte	58                              @ DW_AT_decl_file
	.byte	11                              @ DW_FORM_data1
	.byte	59                              @ DW_AT_decl_line
	.byte	11                              @ DW_FORM_data1
	.byte	73                              @ DW_AT_type
	.byte	19                              @ DW_FORM_ref4
	.byte	0                               @ EOM(1)
	.byte	0                               @ EOM(2)
	.byte	11                              @ Abbreviation Code
	.byte	52                              @ DW_TAG_variable
	.byte	0                               @ DW_CHILDREN_no
	.byte	2                               @ DW_AT_location
	.byte	24                              @ DW_FORM_exprloc
	.byte	3                               @ DW_AT_name
	.byte	14                              @ DW_FORM_strp
	.byte	58                              @ DW_AT_decl_file
	.byte	11                              @ DW_FORM_data1
	.byte	59                              @ DW_AT_decl_line
	.byte	11                              @ DW_FORM_data1
	.byte	73                              @ DW_AT_type
	.byte	19                              @ DW_FORM_ref4
	.byte	0                               @ EOM(1)
	.byte	0                               @ EOM(2)
	.byte	12                              @ Abbreviation Code
	.byte	46                              @ DW_TAG_subprogram
	.byte	1                               @ DW_CHILDREN_yes
	.byte	17                              @ DW_AT_low_pc
	.byte	1                               @ DW_FORM_addr
	.byte	18                              @ DW_AT_high_pc
	.byte	6                               @ DW_FORM_data4
	.byte	64                              @ DW_AT_frame_base
	.byte	24                              @ DW_FORM_exprloc
	.byte	3                               @ DW_AT_name
	.byte	14                              @ DW_FORM_strp
	.byte	58                              @ DW_AT_decl_file
	.byte	11                              @ DW_FORM_data1
	.byte	59                              @ DW_AT_decl_line
	.byte	11                              @ DW_FORM_data1
	.byte	39                              @ DW_AT_prototyped
	.byte	25                              @ DW_FORM_flag_present
	.byte	73                              @ DW_AT_type
	.byte	19                              @ DW_FORM_ref4
	.byte	63                              @ DW_AT_external
	.byte	25                              @ DW_FORM_flag_present
	.byte	0                               @ EOM(1)
	.byte	0                               @ EOM(2)
	.byte	13                              @ Abbreviation Code
	.byte	46                              @ DW_TAG_subprogram
	.byte	1                               @ DW_CHILDREN_yes
	.byte	17                              @ DW_AT_low_pc
	.byte	1                               @ DW_FORM_addr
	.byte	18                              @ DW_AT_high_pc
	.byte	6                               @ DW_FORM_data4
	.byte	64                              @ DW_AT_frame_base
	.byte	24                              @ DW_FORM_exprloc
	.byte	3                               @ DW_AT_name
	.byte	14                              @ DW_FORM_strp
	.byte	58                              @ DW_AT_decl_file
	.byte	11                              @ DW_FORM_data1
	.byte	59                              @ DW_AT_decl_line
	.byte	5                               @ DW_FORM_data2
	.byte	39                              @ DW_AT_prototyped
	.byte	25                              @ DW_FORM_flag_present
	.byte	73                              @ DW_AT_type
	.byte	19                              @ DW_FORM_ref4
	.byte	63                              @ DW_AT_external
	.byte	25                              @ DW_FORM_flag_present
	.byte	0                               @ EOM(1)
	.byte	0                               @ EOM(2)
	.byte	14                              @ Abbreviation Code
	.byte	5                               @ DW_TAG_formal_parameter
	.byte	0                               @ DW_CHILDREN_no
	.byte	2                               @ DW_AT_location
	.byte	24                              @ DW_FORM_exprloc
	.byte	3                               @ DW_AT_name
	.byte	14                              @ DW_FORM_strp
	.byte	58                              @ DW_AT_decl_file
	.byte	11                              @ DW_FORM_data1
	.byte	59                              @ DW_AT_decl_line
	.byte	5                               @ DW_FORM_data2
	.byte	73                              @ DW_AT_type
	.byte	19                              @ DW_FORM_ref4
	.byte	0                               @ EOM(1)
	.byte	0                               @ EOM(2)
	.byte	15                              @ Abbreviation Code
	.byte	46                              @ DW_TAG_subprogram
	.byte	1                               @ DW_CHILDREN_yes
	.byte	17                              @ DW_AT_low_pc
	.byte	1                               @ DW_FORM_addr
	.byte	18                              @ DW_AT_high_pc
	.byte	6                               @ DW_FORM_data4
	.byte	64                              @ DW_AT_frame_base
	.byte	24                              @ DW_FORM_exprloc
	.byte	3                               @ DW_AT_name
	.byte	14                              @ DW_FORM_strp
	.byte	58                              @ DW_AT_decl_file
	.byte	11                              @ DW_FORM_data1
	.byte	59                              @ DW_AT_decl_line
	.byte	5                               @ DW_FORM_data2
	.byte	39                              @ DW_AT_prototyped
	.byte	25                              @ DW_FORM_flag_present
	.byte	63                              @ DW_AT_external
	.byte	25                              @ DW_FORM_flag_present
	.byte	0                               @ EOM(1)
	.byte	0                               @ EOM(2)
	.byte	16                              @ Abbreviation Code
	.byte	52                              @ DW_TAG_variable
	.byte	0                               @ DW_CHILDREN_no
	.byte	2                               @ DW_AT_location
	.byte	24                              @ DW_FORM_exprloc
	.byte	3                               @ DW_AT_name
	.byte	14                              @ DW_FORM_strp
	.byte	58                              @ DW_AT_decl_file
	.byte	11                              @ DW_FORM_data1
	.byte	59                              @ DW_AT_decl_line
	.byte	5                               @ DW_FORM_data2
	.byte	73                              @ DW_AT_type
	.byte	19                              @ DW_FORM_ref4
	.byte	0                               @ EOM(1)
	.byte	0                               @ EOM(2)
	.byte	17                              @ Abbreviation Code
	.byte	22                              @ DW_TAG_typedef
	.byte	0                               @ DW_CHILDREN_no
	.byte	73                              @ DW_AT_type
	.byte	19                              @ DW_FORM_ref4
	.byte	3                               @ DW_AT_name
	.byte	14                              @ DW_FORM_strp
	.byte	58                              @ DW_AT_decl_file
	.byte	11                              @ DW_FORM_data1
	.byte	59                              @ DW_AT_decl_line
	.byte	5                               @ DW_FORM_data2
	.byte	0                               @ EOM(1)
	.byte	0                               @ EOM(2)
	.byte	0                               @ EOM(3)
	.section	.debug_info,"",%progbits
.Lcu_begin0:
	.long	.Ldebug_info_end0-.Ldebug_info_start0 @ Length of Unit
.Ldebug_info_start0:
	.short	4                               @ DWARF version number
	.long	.debug_abbrev                   @ Offset Into Abbrev. Section
	.byte	4                               @ Address Size (in bytes)
	.byte	1                               @ Abbrev [1] 0xb:0x498 DW_TAG_compile_unit
	.long	.Linfo_string0                  @ DW_AT_producer
	.short	12                              @ DW_AT_language
	.long	.Linfo_string1                  @ DW_AT_name
	.long	.Lline_table_start0             @ DW_AT_stmt_list
	.long	.Linfo_string2                  @ DW_AT_comp_dir
	.long	0                               @ DW_AT_low_pc
	.long	.Ldebug_ranges0                 @ DW_AT_ranges
	.byte	2                               @ Abbrev [2] 0x26:0x9d DW_TAG_enumeration_type
	.long	195                             @ DW_AT_type
	.byte	2                               @ DW_AT_byte_size
	.byte	1                               @ DW_AT_decl_file
	.short	291                             @ DW_AT_decl_line
	.byte	3                               @ Abbrev [3] 0x2f:0x7 DW_TAG_enumerator
	.long	.Linfo_string4                  @ DW_AT_name
	.ascii	"\221\024"                      @ DW_AT_const_value
	.byte	3                               @ Abbrev [3] 0x36:0x7 DW_TAG_enumerator
	.long	.Linfo_string5                  @ DW_AT_name
	.ascii	"\222\024"                      @ DW_AT_const_value
	.byte	3                               @ Abbrev [3] 0x3d:0x7 DW_TAG_enumerator
	.long	.Linfo_string6                  @ DW_AT_name
	.ascii	"\223\024"                      @ DW_AT_const_value
	.byte	3                               @ Abbrev [3] 0x44:0x7 DW_TAG_enumerator
	.long	.Linfo_string7                  @ DW_AT_name
	.ascii	"\226\024"                      @ DW_AT_const_value
	.byte	3                               @ Abbrev [3] 0x4b:0x7 DW_TAG_enumerator
	.long	.Linfo_string8                  @ DW_AT_name
	.ascii	"\200\006"                      @ DW_AT_const_value
	.byte	3                               @ Abbrev [3] 0x52:0x7 DW_TAG_enumerator
	.long	.Linfo_string9                  @ DW_AT_name
	.ascii	"\211\006"                      @ DW_AT_const_value
	.byte	3                               @ Abbrev [3] 0x59:0x7 DW_TAG_enumerator
	.long	.Linfo_string10                 @ DW_AT_name
	.ascii	"\213\006"                      @ DW_AT_const_value
	.byte	3                               @ Abbrev [3] 0x60:0x7 DW_TAG_enumerator
	.long	.Linfo_string11                 @ DW_AT_name
	.ascii	"\214\006"                      @ DW_AT_const_value
	.byte	3                               @ Abbrev [3] 0x67:0x7 DW_TAG_enumerator
	.long	.Linfo_string12                 @ DW_AT_name
	.ascii	"\216\006"                      @ DW_AT_const_value
	.byte	3                               @ Abbrev [3] 0x6e:0x7 DW_TAG_enumerator
	.long	.Linfo_string13                 @ DW_AT_name
	.ascii	"\220\006"                      @ DW_AT_const_value
	.byte	3                               @ Abbrev [3] 0x75:0x7 DW_TAG_enumerator
	.long	.Linfo_string14                 @ DW_AT_name
	.ascii	"\221\006"                      @ DW_AT_const_value
	.byte	3                               @ Abbrev [3] 0x7c:0x7 DW_TAG_enumerator
	.long	.Linfo_string15                 @ DW_AT_name
	.ascii	"\222\006"                      @ DW_AT_const_value
	.byte	3                               @ Abbrev [3] 0x83:0x7 DW_TAG_enumerator
	.long	.Linfo_string16                 @ DW_AT_name
	.ascii	"\201\b"                        @ DW_AT_const_value
	.byte	3                               @ Abbrev [3] 0x8a:0x7 DW_TAG_enumerator
	.long	.Linfo_string17                 @ DW_AT_name
	.ascii	"\204\b"                        @ DW_AT_const_value
	.byte	3                               @ Abbrev [3] 0x91:0x7 DW_TAG_enumerator
	.long	.Linfo_string18                 @ DW_AT_name
	.ascii	"\210\b"                        @ DW_AT_const_value
	.byte	3                               @ Abbrev [3] 0x98:0x7 DW_TAG_enumerator
	.long	.Linfo_string19                 @ DW_AT_name
	.ascii	"\213\b"                        @ DW_AT_const_value
	.byte	3                               @ Abbrev [3] 0x9f:0x7 DW_TAG_enumerator
	.long	.Linfo_string20                 @ DW_AT_name
	.ascii	"\216\b"                        @ DW_AT_const_value
	.byte	3                               @ Abbrev [3] 0xa6:0x7 DW_TAG_enumerator
	.long	.Linfo_string21                 @ DW_AT_name
	.ascii	"\221\b"                        @ DW_AT_const_value
	.byte	3                               @ Abbrev [3] 0xad:0x7 DW_TAG_enumerator
	.long	.Linfo_string22                 @ DW_AT_name
	.ascii	"\225\b"                        @ DW_AT_const_value
	.byte	3                               @ Abbrev [3] 0xb4:0x7 DW_TAG_enumerator
	.long	.Linfo_string23                 @ DW_AT_name
	.ascii	"\226\b"                        @ DW_AT_const_value
	.byte	3                               @ Abbrev [3] 0xbb:0x7 DW_TAG_enumerator
	.long	.Linfo_string24                 @ DW_AT_name
	.ascii	"\234\b"                        @ DW_AT_const_value
	.byte	0                               @ End Of Children Mark
	.byte	4                               @ Abbrev [4] 0xc3:0x7 DW_TAG_base_type
	.long	.Linfo_string3                  @ DW_AT_name
	.byte	7                               @ DW_AT_encoding
	.byte	2                               @ DW_AT_byte_size
	.byte	5                               @ Abbrev [5] 0xca:0x15 DW_TAG_enumeration_type
	.long	223                             @ DW_AT_type
	.byte	1                               @ DW_AT_byte_size
	.byte	2                               @ DW_AT_decl_file
	.byte	161                             @ DW_AT_decl_line
	.byte	3                               @ Abbrev [3] 0xd2:0x6 DW_TAG_enumerator
	.long	.Linfo_string26                 @ DW_AT_name
	.byte	0                               @ DW_AT_const_value
	.byte	3                               @ Abbrev [3] 0xd8:0x6 DW_TAG_enumerator
	.long	.Linfo_string27                 @ DW_AT_name
	.byte	1                               @ DW_AT_const_value
	.byte	0                               @ End Of Children Mark
	.byte	4                               @ Abbrev [4] 0xdf:0x7 DW_TAG_base_type
	.long	.Linfo_string25                 @ DW_AT_name
	.byte	8                               @ DW_AT_encoding
	.byte	1                               @ DW_AT_byte_size
	.byte	6                               @ Abbrev [6] 0xe6:0x5 DW_TAG_pointer_type
	.long	235                             @ DW_AT_type
	.byte	7                               @ Abbrev [7] 0xeb:0x5 DW_TAG_volatile_type
	.long	240                             @ DW_AT_type
	.byte	8                               @ Abbrev [8] 0xf0:0xb DW_TAG_typedef
	.long	251                             @ DW_AT_type
	.long	.Linfo_string29                 @ DW_AT_name
	.byte	3                               @ DW_AT_decl_file
	.byte	64                              @ DW_AT_decl_line
	.byte	4                               @ Abbrev [4] 0xfb:0x7 DW_TAG_base_type
	.long	.Linfo_string28                 @ DW_AT_name
	.byte	7                               @ DW_AT_encoding
	.byte	4                               @ DW_AT_byte_size
	.byte	8                               @ Abbrev [8] 0x102:0xb DW_TAG_typedef
	.long	223                             @ DW_AT_type
	.long	.Linfo_string30                 @ DW_AT_name
	.byte	3                               @ DW_AT_decl_file
	.byte	62                              @ DW_AT_decl_line
	.byte	8                               @ Abbrev [8] 0x10d:0xb DW_TAG_typedef
	.long	195                             @ DW_AT_type
	.long	.Linfo_string31                 @ DW_AT_name
	.byte	3                               @ DW_AT_decl_file
	.byte	63                              @ DW_AT_decl_line
	.byte	9                               @ Abbrev [9] 0x118:0x20 DW_TAG_subprogram
	.long	.Lfunc_begin0                   @ DW_AT_low_pc
	.long	.Lfunc_end0-.Lfunc_begin0       @ DW_AT_high_pc
	.byte	1                               @ DW_AT_frame_base
	.byte	93
	.long	.Linfo_string32                 @ DW_AT_name
	.byte	4                               @ DW_AT_decl_file
	.byte	47                              @ DW_AT_decl_line
                                        @ DW_AT_prototyped
                                        @ DW_AT_external
	.byte	10                              @ Abbrev [10] 0x129:0xe DW_TAG_formal_parameter
	.byte	2                               @ DW_AT_location
	.byte	145
	.byte	20
	.long	.Linfo_string48                 @ DW_AT_name
	.byte	4                               @ DW_AT_decl_file
	.byte	47                              @ DW_AT_decl_line
	.long	240                             @ DW_AT_type
	.byte	0                               @ End Of Children Mark
	.byte	9                               @ Abbrev [9] 0x138:0x74 DW_TAG_subprogram
	.long	.Lfunc_begin1                   @ DW_AT_low_pc
	.long	.Lfunc_end1-.Lfunc_begin1       @ DW_AT_high_pc
	.byte	1                               @ DW_AT_frame_base
	.byte	93
	.long	.Linfo_string33                 @ DW_AT_name
	.byte	4                               @ DW_AT_decl_file
	.byte	95                              @ DW_AT_decl_line
                                        @ DW_AT_prototyped
                                        @ DW_AT_external
	.byte	10                              @ Abbrev [10] 0x149:0xe DW_TAG_formal_parameter
	.byte	2                               @ DW_AT_location
	.byte	145
	.byte	24
	.long	.Linfo_string48                 @ DW_AT_name
	.byte	4                               @ DW_AT_decl_file
	.byte	95                              @ DW_AT_decl_line
	.long	240                             @ DW_AT_type
	.byte	10                              @ Abbrev [10] 0x157:0xe DW_TAG_formal_parameter
	.byte	2                               @ DW_AT_location
	.byte	145
	.byte	20
	.long	.Linfo_string49                 @ DW_AT_name
	.byte	4                               @ DW_AT_decl_file
	.byte	95                              @ DW_AT_decl_line
	.long	240                             @ DW_AT_type
	.byte	10                              @ Abbrev [10] 0x165:0xe DW_TAG_formal_parameter
	.byte	2                               @ DW_AT_location
	.byte	145
	.byte	16
	.long	.Linfo_string50                 @ DW_AT_name
	.byte	4                               @ DW_AT_decl_file
	.byte	95                              @ DW_AT_decl_line
	.long	240                             @ DW_AT_type
	.byte	10                              @ Abbrev [10] 0x173:0xe DW_TAG_formal_parameter
	.byte	2                               @ DW_AT_location
	.byte	145
	.byte	12
	.long	.Linfo_string51                 @ DW_AT_name
	.byte	4                               @ DW_AT_decl_file
	.byte	95                              @ DW_AT_decl_line
	.long	240                             @ DW_AT_type
	.byte	11                              @ Abbrev [11] 0x181:0xe DW_TAG_variable
	.byte	2                               @ DW_AT_location
	.byte	145
	.byte	8
	.long	.Linfo_string52                 @ DW_AT_name
	.byte	4                               @ DW_AT_decl_file
	.byte	97                              @ DW_AT_decl_line
	.long	269                             @ DW_AT_type
	.byte	11                              @ Abbrev [11] 0x18f:0xe DW_TAG_variable
	.byte	2                               @ DW_AT_location
	.byte	145
	.byte	4
	.long	.Linfo_string53                 @ DW_AT_name
	.byte	4                               @ DW_AT_decl_file
	.byte	98                              @ DW_AT_decl_line
	.long	240                             @ DW_AT_type
	.byte	11                              @ Abbrev [11] 0x19d:0xe DW_TAG_variable
	.byte	2                               @ DW_AT_location
	.byte	145
	.byte	0
	.long	.Linfo_string54                 @ DW_AT_name
	.byte	4                               @ DW_AT_decl_file
	.byte	98                              @ DW_AT_decl_line
	.long	240                             @ DW_AT_type
	.byte	0                               @ End Of Children Mark
	.byte	9                               @ Abbrev [9] 0x1ac:0x66 DW_TAG_subprogram
	.long	.Lfunc_begin2                   @ DW_AT_low_pc
	.long	.Lfunc_end2-.Lfunc_begin2       @ DW_AT_high_pc
	.byte	1                               @ DW_AT_frame_base
	.byte	93
	.long	.Linfo_string34                 @ DW_AT_name
	.byte	4                               @ DW_AT_decl_file
	.byte	139                             @ DW_AT_decl_line
                                        @ DW_AT_prototyped
                                        @ DW_AT_external
	.byte	10                              @ Abbrev [10] 0x1bd:0xe DW_TAG_formal_parameter
	.byte	2                               @ DW_AT_location
	.byte	145
	.byte	20
	.long	.Linfo_string48                 @ DW_AT_name
	.byte	4                               @ DW_AT_decl_file
	.byte	139                             @ DW_AT_decl_line
	.long	240                             @ DW_AT_type
	.byte	10                              @ Abbrev [10] 0x1cb:0xe DW_TAG_formal_parameter
	.byte	2                               @ DW_AT_location
	.byte	145
	.byte	16
	.long	.Linfo_string55                 @ DW_AT_name
	.byte	4                               @ DW_AT_decl_file
	.byte	139                             @ DW_AT_decl_line
	.long	258                             @ DW_AT_type
	.byte	10                              @ Abbrev [10] 0x1d9:0xe DW_TAG_formal_parameter
	.byte	2                               @ DW_AT_location
	.byte	145
	.byte	12
	.long	.Linfo_string56                 @ DW_AT_name
	.byte	4                               @ DW_AT_decl_file
	.byte	139                             @ DW_AT_decl_line
	.long	240                             @ DW_AT_type
	.byte	10                              @ Abbrev [10] 0x1e7:0xe DW_TAG_formal_parameter
	.byte	2                               @ DW_AT_location
	.byte	145
	.byte	8
	.long	.Linfo_string51                 @ DW_AT_name
	.byte	4                               @ DW_AT_decl_file
	.byte	139                             @ DW_AT_decl_line
	.long	240                             @ DW_AT_type
	.byte	11                              @ Abbrev [11] 0x1f5:0xe DW_TAG_variable
	.byte	2                               @ DW_AT_location
	.byte	145
	.byte	4
	.long	.Linfo_string52                 @ DW_AT_name
	.byte	4                               @ DW_AT_decl_file
	.byte	141                             @ DW_AT_decl_line
	.long	269                             @ DW_AT_type
	.byte	11                              @ Abbrev [11] 0x203:0xe DW_TAG_variable
	.byte	2                               @ DW_AT_location
	.byte	145
	.byte	0
	.long	.Linfo_string57                 @ DW_AT_name
	.byte	4                               @ DW_AT_decl_file
	.byte	142                             @ DW_AT_decl_line
	.long	240                             @ DW_AT_type
	.byte	0                               @ End Of Children Mark
	.byte	9                               @ Abbrev [9] 0x212:0x2e DW_TAG_subprogram
	.long	.Lfunc_begin3                   @ DW_AT_low_pc
	.long	.Lfunc_end3-.Lfunc_begin3       @ DW_AT_high_pc
	.byte	1                               @ DW_AT_frame_base
	.byte	93
	.long	.Linfo_string35                 @ DW_AT_name
	.byte	4                               @ DW_AT_decl_file
	.byte	175                             @ DW_AT_decl_line
                                        @ DW_AT_prototyped
                                        @ DW_AT_external
	.byte	10                              @ Abbrev [10] 0x223:0xe DW_TAG_formal_parameter
	.byte	2                               @ DW_AT_location
	.byte	145
	.byte	4
	.long	.Linfo_string48                 @ DW_AT_name
	.byte	4                               @ DW_AT_decl_file
	.byte	175                             @ DW_AT_decl_line
	.long	240                             @ DW_AT_type
	.byte	10                              @ Abbrev [10] 0x231:0xe DW_TAG_formal_parameter
	.byte	2                               @ DW_AT_location
	.byte	145
	.byte	0
	.long	.Linfo_string51                 @ DW_AT_name
	.byte	4                               @ DW_AT_decl_file
	.byte	175                             @ DW_AT_decl_line
	.long	240                             @ DW_AT_type
	.byte	0                               @ End Of Children Mark
	.byte	9                               @ Abbrev [9] 0x240:0x2e DW_TAG_subprogram
	.long	.Lfunc_begin4                   @ DW_AT_low_pc
	.long	.Lfunc_end4-.Lfunc_begin4       @ DW_AT_high_pc
	.byte	1                               @ DW_AT_frame_base
	.byte	93
	.long	.Linfo_string36                 @ DW_AT_name
	.byte	4                               @ DW_AT_decl_file
	.byte	191                             @ DW_AT_decl_line
                                        @ DW_AT_prototyped
                                        @ DW_AT_external
	.byte	10                              @ Abbrev [10] 0x251:0xe DW_TAG_formal_parameter
	.byte	2                               @ DW_AT_location
	.byte	145
	.byte	4
	.long	.Linfo_string48                 @ DW_AT_name
	.byte	4                               @ DW_AT_decl_file
	.byte	191                             @ DW_AT_decl_line
	.long	240                             @ DW_AT_type
	.byte	10                              @ Abbrev [10] 0x25f:0xe DW_TAG_formal_parameter
	.byte	2                               @ DW_AT_location
	.byte	145
	.byte	0
	.long	.Linfo_string51                 @ DW_AT_name
	.byte	4                               @ DW_AT_decl_file
	.byte	191                             @ DW_AT_decl_line
	.long	240                             @ DW_AT_type
	.byte	0                               @ End Of Children Mark
	.byte	9                               @ Abbrev [9] 0x26e:0x3c DW_TAG_subprogram
	.long	.Lfunc_begin5                   @ DW_AT_low_pc
	.long	.Lfunc_end5-.Lfunc_begin5       @ DW_AT_high_pc
	.byte	1                               @ DW_AT_frame_base
	.byte	93
	.long	.Linfo_string37                 @ DW_AT_name
	.byte	4                               @ DW_AT_decl_file
	.byte	210                             @ DW_AT_decl_line
                                        @ DW_AT_prototyped
                                        @ DW_AT_external
	.byte	10                              @ Abbrev [10] 0x27f:0xe DW_TAG_formal_parameter
	.byte	2                               @ DW_AT_location
	.byte	145
	.byte	8
	.long	.Linfo_string48                 @ DW_AT_name
	.byte	4                               @ DW_AT_decl_file
	.byte	210                             @ DW_AT_decl_line
	.long	240                             @ DW_AT_type
	.byte	10                              @ Abbrev [10] 0x28d:0xe DW_TAG_formal_parameter
	.byte	2                               @ DW_AT_location
	.byte	145
	.byte	4
	.long	.Linfo_string51                 @ DW_AT_name
	.byte	4                               @ DW_AT_decl_file
	.byte	210                             @ DW_AT_decl_line
	.long	240                             @ DW_AT_type
	.byte	10                              @ Abbrev [10] 0x29b:0xe DW_TAG_formal_parameter
	.byte	2                               @ DW_AT_location
	.byte	145
	.byte	0
	.long	.Linfo_string58                 @ DW_AT_name
	.byte	4                               @ DW_AT_decl_file
	.byte	210                             @ DW_AT_decl_line
	.long	1174                            @ DW_AT_type
	.byte	0                               @ End Of Children Mark
	.byte	9                               @ Abbrev [9] 0x2aa:0x2e DW_TAG_subprogram
	.long	.Lfunc_begin6                   @ DW_AT_low_pc
	.long	.Lfunc_end6-.Lfunc_begin6       @ DW_AT_high_pc
	.byte	1                               @ DW_AT_frame_base
	.byte	93
	.long	.Linfo_string38                 @ DW_AT_name
	.byte	4                               @ DW_AT_decl_file
	.byte	228                             @ DW_AT_decl_line
                                        @ DW_AT_prototyped
                                        @ DW_AT_external
	.byte	10                              @ Abbrev [10] 0x2bb:0xe DW_TAG_formal_parameter
	.byte	2                               @ DW_AT_location
	.byte	145
	.byte	4
	.long	.Linfo_string48                 @ DW_AT_name
	.byte	4                               @ DW_AT_decl_file
	.byte	228                             @ DW_AT_decl_line
	.long	240                             @ DW_AT_type
	.byte	10                              @ Abbrev [10] 0x2c9:0xe DW_TAG_formal_parameter
	.byte	2                               @ DW_AT_location
	.byte	145
	.byte	0
	.long	.Linfo_string60                 @ DW_AT_name
	.byte	4                               @ DW_AT_decl_file
	.byte	228                             @ DW_AT_decl_line
	.long	269                             @ DW_AT_type
	.byte	0                               @ End Of Children Mark
	.byte	12                              @ Abbrev [12] 0x2d8:0x32 DW_TAG_subprogram
	.long	.Lfunc_begin7                   @ DW_AT_low_pc
	.long	.Lfunc_end7-.Lfunc_begin7       @ DW_AT_high_pc
	.byte	1                               @ DW_AT_frame_base
	.byte	93
	.long	.Linfo_string39                 @ DW_AT_name
	.byte	4                               @ DW_AT_decl_file
	.byte	244                             @ DW_AT_decl_line
                                        @ DW_AT_prototyped
	.long	1163                            @ DW_AT_type
                                        @ DW_AT_external
	.byte	10                              @ Abbrev [10] 0x2ed:0xe DW_TAG_formal_parameter
	.byte	2                               @ DW_AT_location
	.byte	145
	.byte	4
	.long	.Linfo_string48                 @ DW_AT_name
	.byte	4                               @ DW_AT_decl_file
	.byte	244                             @ DW_AT_decl_line
	.long	240                             @ DW_AT_type
	.byte	10                              @ Abbrev [10] 0x2fb:0xe DW_TAG_formal_parameter
	.byte	2                               @ DW_AT_location
	.byte	145
	.byte	0
	.long	.Linfo_string51                 @ DW_AT_name
	.byte	4                               @ DW_AT_decl_file
	.byte	244                             @ DW_AT_decl_line
	.long	240                             @ DW_AT_type
	.byte	0                               @ End Of Children Mark
	.byte	13                              @ Abbrev [13] 0x30a:0x26 DW_TAG_subprogram
	.long	.Lfunc_begin8                   @ DW_AT_low_pc
	.long	.Lfunc_end8-.Lfunc_begin8       @ DW_AT_high_pc
	.byte	1                               @ DW_AT_frame_base
	.byte	93
	.long	.Linfo_string41                 @ DW_AT_name
	.byte	4                               @ DW_AT_decl_file
	.short	261                             @ DW_AT_decl_line
                                        @ DW_AT_prototyped
	.long	269                             @ DW_AT_type
                                        @ DW_AT_external
	.byte	14                              @ Abbrev [14] 0x320:0xf DW_TAG_formal_parameter
	.byte	2                               @ DW_AT_location
	.byte	145
	.byte	0
	.long	.Linfo_string48                 @ DW_AT_name
	.byte	4                               @ DW_AT_decl_file
	.short	261                             @ DW_AT_decl_line
	.long	240                             @ DW_AT_type
	.byte	0                               @ End Of Children Mark
	.byte	13                              @ Abbrev [13] 0x330:0x35 DW_TAG_subprogram
	.long	.Lfunc_begin9                   @ DW_AT_low_pc
	.long	.Lfunc_end9-.Lfunc_begin9       @ DW_AT_high_pc
	.byte	1                               @ DW_AT_frame_base
	.byte	93
	.long	.Linfo_string42                 @ DW_AT_name
	.byte	4                               @ DW_AT_decl_file
	.short	277                             @ DW_AT_decl_line
                                        @ DW_AT_prototyped
	.long	1163                            @ DW_AT_type
                                        @ DW_AT_external
	.byte	14                              @ Abbrev [14] 0x346:0xf DW_TAG_formal_parameter
	.byte	2                               @ DW_AT_location
	.byte	145
	.byte	4
	.long	.Linfo_string48                 @ DW_AT_name
	.byte	4                               @ DW_AT_decl_file
	.short	277                             @ DW_AT_decl_line
	.long	240                             @ DW_AT_type
	.byte	14                              @ Abbrev [14] 0x355:0xf DW_TAG_formal_parameter
	.byte	2                               @ DW_AT_location
	.byte	145
	.byte	0
	.long	.Linfo_string51                 @ DW_AT_name
	.byte	4                               @ DW_AT_decl_file
	.short	277                             @ DW_AT_decl_line
	.long	240                             @ DW_AT_type
	.byte	0                               @ End Of Children Mark
	.byte	13                              @ Abbrev [13] 0x365:0x26 DW_TAG_subprogram
	.long	.Lfunc_begin10                  @ DW_AT_low_pc
	.long	.Lfunc_end10-.Lfunc_begin10     @ DW_AT_high_pc
	.byte	1                               @ DW_AT_frame_base
	.byte	93
	.long	.Linfo_string43                 @ DW_AT_name
	.byte	4                               @ DW_AT_decl_file
	.short	294                             @ DW_AT_decl_line
                                        @ DW_AT_prototyped
	.long	269                             @ DW_AT_type
                                        @ DW_AT_external
	.byte	14                              @ Abbrev [14] 0x37b:0xf DW_TAG_formal_parameter
	.byte	2                               @ DW_AT_location
	.byte	145
	.byte	0
	.long	.Linfo_string48                 @ DW_AT_name
	.byte	4                               @ DW_AT_decl_file
	.short	294                             @ DW_AT_decl_line
	.long	240                             @ DW_AT_type
	.byte	0                               @ End Of Children Mark
	.byte	15                              @ Abbrev [15] 0x38b:0x6d DW_TAG_subprogram
	.long	.Lfunc_begin11                  @ DW_AT_low_pc
	.long	.Lfunc_end11-.Lfunc_begin11     @ DW_AT_high_pc
	.byte	1                               @ DW_AT_frame_base
	.byte	93
	.long	.Linfo_string44                 @ DW_AT_name
	.byte	4                               @ DW_AT_decl_file
	.short	320                             @ DW_AT_decl_line
                                        @ DW_AT_prototyped
                                        @ DW_AT_external
	.byte	14                              @ Abbrev [14] 0x39d:0xf DW_TAG_formal_parameter
	.byte	2                               @ DW_AT_location
	.byte	145
	.byte	20
	.long	.Linfo_string48                 @ DW_AT_name
	.byte	4                               @ DW_AT_decl_file
	.short	320                             @ DW_AT_decl_line
	.long	240                             @ DW_AT_type
	.byte	14                              @ Abbrev [14] 0x3ac:0xf DW_TAG_formal_parameter
	.byte	2                               @ DW_AT_location
	.byte	145
	.byte	16
	.long	.Linfo_string61                 @ DW_AT_name
	.byte	4                               @ DW_AT_decl_file
	.short	320                             @ DW_AT_decl_line
	.long	240                             @ DW_AT_type
	.byte	14                              @ Abbrev [14] 0x3bb:0xf DW_TAG_formal_parameter
	.byte	2                               @ DW_AT_location
	.byte	145
	.byte	12
	.long	.Linfo_string51                 @ DW_AT_name
	.byte	4                               @ DW_AT_decl_file
	.short	320                             @ DW_AT_decl_line
	.long	240                             @ DW_AT_type
	.byte	16                              @ Abbrev [16] 0x3ca:0xf DW_TAG_variable
	.byte	2                               @ DW_AT_location
	.byte	145
	.byte	8
	.long	.Linfo_string52                 @ DW_AT_name
	.byte	4                               @ DW_AT_decl_file
	.short	322                             @ DW_AT_decl_line
	.long	269                             @ DW_AT_type
	.byte	16                              @ Abbrev [16] 0x3d9:0xf DW_TAG_variable
	.byte	2                               @ DW_AT_location
	.byte	145
	.byte	4
	.long	.Linfo_string62                 @ DW_AT_name
	.byte	4                               @ DW_AT_decl_file
	.short	323                             @ DW_AT_decl_line
	.long	240                             @ DW_AT_type
	.byte	16                              @ Abbrev [16] 0x3e8:0xf DW_TAG_variable
	.byte	2                               @ DW_AT_location
	.byte	145
	.byte	0
	.long	.Linfo_string63                 @ DW_AT_name
	.byte	4                               @ DW_AT_decl_file
	.short	323                             @ DW_AT_decl_line
	.long	240                             @ DW_AT_type
	.byte	0                               @ End Of Children Mark
	.byte	15                              @ Abbrev [15] 0x3f8:0x40 DW_TAG_subprogram
	.long	.Lfunc_begin12                  @ DW_AT_low_pc
	.long	.Lfunc_end12-.Lfunc_begin12     @ DW_AT_high_pc
	.byte	1                               @ DW_AT_frame_base
	.byte	93
	.long	.Linfo_string45                 @ DW_AT_name
	.byte	4                               @ DW_AT_decl_file
	.short	359                             @ DW_AT_decl_line
                                        @ DW_AT_prototyped
                                        @ DW_AT_external
	.byte	14                              @ Abbrev [14] 0x40a:0xf DW_TAG_formal_parameter
	.byte	2                               @ DW_AT_location
	.byte	145
	.byte	8
	.long	.Linfo_string48                 @ DW_AT_name
	.byte	4                               @ DW_AT_decl_file
	.short	359                             @ DW_AT_decl_line
	.long	240                             @ DW_AT_type
	.byte	14                              @ Abbrev [14] 0x419:0xf DW_TAG_formal_parameter
	.byte	2                               @ DW_AT_location
	.byte	145
	.byte	4
	.long	.Linfo_string51                 @ DW_AT_name
	.byte	4                               @ DW_AT_decl_file
	.short	359                             @ DW_AT_decl_line
	.long	240                             @ DW_AT_type
	.byte	16                              @ Abbrev [16] 0x428:0xf DW_TAG_variable
	.byte	2                               @ DW_AT_location
	.byte	145
	.byte	0
	.long	.Linfo_string64                 @ DW_AT_name
	.byte	4                               @ DW_AT_decl_file
	.short	361                             @ DW_AT_decl_line
	.long	240                             @ DW_AT_type
	.byte	0                               @ End Of Children Mark
	.byte	15                              @ Abbrev [15] 0x438:0x31 DW_TAG_subprogram
	.long	.Lfunc_begin13                  @ DW_AT_low_pc
	.long	.Lfunc_end13-.Lfunc_begin13     @ DW_AT_high_pc
	.byte	1                               @ DW_AT_frame_base
	.byte	93
	.long	.Linfo_string46                 @ DW_AT_name
	.byte	4                               @ DW_AT_decl_file
	.short	383                             @ DW_AT_decl_line
                                        @ DW_AT_prototyped
                                        @ DW_AT_external
	.byte	14                              @ Abbrev [14] 0x44a:0xf DW_TAG_formal_parameter
	.byte	2                               @ DW_AT_location
	.byte	145
	.byte	4
	.long	.Linfo_string48                 @ DW_AT_name
	.byte	4                               @ DW_AT_decl_file
	.short	383                             @ DW_AT_decl_line
	.long	240                             @ DW_AT_type
	.byte	14                              @ Abbrev [14] 0x459:0xf DW_TAG_formal_parameter
	.byte	2                               @ DW_AT_location
	.byte	145
	.byte	0
	.long	.Linfo_string51                 @ DW_AT_name
	.byte	4                               @ DW_AT_decl_file
	.short	383                             @ DW_AT_decl_line
	.long	240                             @ DW_AT_type
	.byte	0                               @ End Of Children Mark
	.byte	15                              @ Abbrev [15] 0x469:0x22 DW_TAG_subprogram
	.long	.Lfunc_begin14                  @ DW_AT_low_pc
	.long	.Lfunc_end14-.Lfunc_begin14     @ DW_AT_high_pc
	.byte	1                               @ DW_AT_frame_base
	.byte	93
	.long	.Linfo_string47                 @ DW_AT_name
	.byte	4                               @ DW_AT_decl_file
	.short	396                             @ DW_AT_decl_line
                                        @ DW_AT_prototyped
                                        @ DW_AT_external
	.byte	14                              @ Abbrev [14] 0x47b:0xf DW_TAG_formal_parameter
	.byte	2                               @ DW_AT_location
	.byte	145
	.byte	0
	.long	.Linfo_string48                 @ DW_AT_name
	.byte	4                               @ DW_AT_decl_file
	.short	396                             @ DW_AT_decl_line
	.long	240                             @ DW_AT_type
	.byte	0                               @ End Of Children Mark
	.byte	8                               @ Abbrev [8] 0x48b:0xb DW_TAG_typedef
	.long	202                             @ DW_AT_type
	.long	.Linfo_string40                 @ DW_AT_name
	.byte	2                               @ DW_AT_decl_file
	.byte	161                             @ DW_AT_decl_line
	.byte	17                              @ Abbrev [17] 0x496:0xc DW_TAG_typedef
	.long	1163                            @ DW_AT_type
	.long	.Linfo_string59                 @ DW_AT_name
	.byte	5                               @ DW_AT_decl_file
	.short	281                             @ DW_AT_decl_line
	.byte	0                               @ End Of Children Mark
.Ldebug_info_end0:
	.section	.debug_ranges,"",%progbits
.Ldebug_ranges0:
	.long	.Lfunc_begin0
	.long	.Lfunc_end0
	.long	.Lfunc_begin1
	.long	.Lfunc_end1
	.long	.Lfunc_begin2
	.long	.Lfunc_end2
	.long	.Lfunc_begin3
	.long	.Lfunc_end3
	.long	.Lfunc_begin4
	.long	.Lfunc_end4
	.long	.Lfunc_begin5
	.long	.Lfunc_end5
	.long	.Lfunc_begin6
	.long	.Lfunc_end6
	.long	.Lfunc_begin7
	.long	.Lfunc_end7
	.long	.Lfunc_begin8
	.long	.Lfunc_end8
	.long	.Lfunc_begin9
	.long	.Lfunc_end9
	.long	.Lfunc_begin10
	.long	.Lfunc_end10
	.long	.Lfunc_begin11
	.long	.Lfunc_end11
	.long	.Lfunc_begin12
	.long	.Lfunc_end12
	.long	.Lfunc_begin13
	.long	.Lfunc_end13
	.long	.Lfunc_begin14
	.long	.Lfunc_end14
	.long	0
	.long	0
	.section	.debug_str,"MS",%progbits,1
.Linfo_string0:
	.asciz	"Component: Arm Compiler for Embedded 6.19 Tool: armclang [5e73cb00]" @ string offset=0
.Linfo_string1:
	.asciz	"../Firmware/GD32E23x_standard_peripheral/Source\\gd32e23x_gpio.c" @ string offset=68
.Linfo_string2:
	.asciz	"D:\\GD32\\GD32E230\\Oscilloscope\\Project" @ string offset=132
.Linfo_string3:
	.asciz	"unsigned short"                @ string offset=170
.Linfo_string4:
	.asciz	"RCU_GPIOARST"                  @ string offset=185
.Linfo_string5:
	.asciz	"RCU_GPIOBRST"                  @ string offset=198
.Linfo_string6:
	.asciz	"RCU_GPIOCRST"                  @ string offset=211
.Linfo_string7:
	.asciz	"RCU_GPIOFRST"                  @ string offset=224
.Linfo_string8:
	.asciz	"RCU_CFGCMPRST"                 @ string offset=237
.Linfo_string9:
	.asciz	"RCU_ADCRST"                    @ string offset=251
.Linfo_string10:
	.asciz	"RCU_TIMER0RST"                 @ string offset=262
.Linfo_string11:
	.asciz	"RCU_SPI0RST"                   @ string offset=276
.Linfo_string12:
	.asciz	"RCU_USART0RST"                 @ string offset=288
.Linfo_string13:
	.asciz	"RCU_TIMER14RST"                @ string offset=302
.Linfo_string14:
	.asciz	"RCU_TIMER15RST"                @ string offset=317
.Linfo_string15:
	.asciz	"RCU_TIMER16RST"                @ string offset=332
.Linfo_string16:
	.asciz	"RCU_TIMER2RST"                 @ string offset=347
.Linfo_string17:
	.asciz	"RCU_TIMER5RST"                 @ string offset=361
.Linfo_string18:
	.asciz	"RCU_TIMER13RST"                @ string offset=375
.Linfo_string19:
	.asciz	"RCU_WWDGTRST"                  @ string offset=390
.Linfo_string20:
	.asciz	"RCU_SPI1RST"                   @ string offset=403
.Linfo_string21:
	.asciz	"RCU_USART1RST"                 @ string offset=415
.Linfo_string22:
	.asciz	"RCU_I2C0RST"                   @ string offset=429
.Linfo_string23:
	.asciz	"RCU_I2C1RST"                   @ string offset=441
.Linfo_string24:
	.asciz	"RCU_PMURST"                    @ string offset=453
.Linfo_string25:
	.asciz	"unsigned char"                 @ string offset=464
.Linfo_string26:
	.asciz	"RESET"                         @ string offset=478
.Linfo_string27:
	.asciz	"SET"                           @ string offset=484
.Linfo_string28:
	.asciz	"unsigned int"                  @ string offset=488
.Linfo_string29:
	.asciz	"uint32_t"                      @ string offset=501
.Linfo_string30:
	.asciz	"uint8_t"                       @ string offset=510
.Linfo_string31:
	.asciz	"uint16_t"                      @ string offset=518
.Linfo_string32:
	.asciz	"gpio_deinit"                   @ string offset=527
.Linfo_string33:
	.asciz	"gpio_mode_set"                 @ string offset=539
.Linfo_string34:
	.asciz	"gpio_output_options_set"       @ string offset=553
.Linfo_string35:
	.asciz	"gpio_bit_set"                  @ string offset=577
.Linfo_string36:
	.asciz	"gpio_bit_reset"                @ string offset=590
.Linfo_string37:
	.asciz	"gpio_bit_write"                @ string offset=605
.Linfo_string38:
	.asciz	"gpio_port_write"               @ string offset=620
.Linfo_string39:
	.asciz	"gpio_input_bit_get"            @ string offset=636
.Linfo_string40:
	.asciz	"FlagStatus"                    @ string offset=655
.Linfo_string41:
	.asciz	"gpio_input_port_get"           @ string offset=666
.Linfo_string42:
	.asciz	"gpio_output_bit_get"           @ string offset=686
.Linfo_string43:
	.asciz	"gpio_output_port_get"          @ string offset=706
.Linfo_string44:
	.asciz	"gpio_af_set"                   @ string offset=727
.Linfo_string45:
	.asciz	"gpio_pin_lock"                 @ string offset=739
.Linfo_string46:
	.asciz	"gpio_bit_toggle"               @ string offset=753
.Linfo_string47:
	.asciz	"gpio_port_toggle"              @ string offset=769
.Linfo_string48:
	.asciz	"gpio_periph"                   @ string offset=786
.Linfo_string49:
	.asciz	"mode"                          @ string offset=798
.Linfo_string50:
	.asciz	"pull_up_down"                  @ string offset=803
.Linfo_string51:
	.asciz	"pin"                           @ string offset=816
.Linfo_string52:
	.asciz	"i"                             @ string offset=820
.Linfo_string53:
	.asciz	"ctl"                           @ string offset=822
.Linfo_string54:
	.asciz	"pupd"                          @ string offset=826
.Linfo_string55:
	.asciz	"otype"                         @ string offset=831
.Linfo_string56:
	.asciz	"speed"                         @ string offset=837
.Linfo_string57:
	.asciz	"ospeed"                        @ string offset=843
.Linfo_string58:
	.asciz	"bit_value"                     @ string offset=850
.Linfo_string59:
	.asciz	"bit_status"                    @ string offset=860
.Linfo_string60:
	.asciz	"data"                          @ string offset=871
.Linfo_string61:
	.asciz	"alt_func_num"                  @ string offset=876
.Linfo_string62:
	.asciz	"afrl"                          @ string offset=889
.Linfo_string63:
	.asciz	"afrh"                          @ string offset=894
.Linfo_string64:
	.asciz	"lock"                          @ string offset=899
	.ident	"Component: Arm Compiler for Embedded 6.19 Tool: armclang [5e73cb00]"
	.section	".note.GNU-stack","",%progbits
	.eabi_attribute	30, 6	@ Tag_ABI_optimization_goals
	.ARM_attribute	16, 1	@ Tag_AV_eba
	.section	.debug_line,"",%progbits
.Lline_table_start0:
